<?xml version="1.0" encoding="UTF-8"?>
<testsuite xmlns:xsi="http://www.w3.org/2001/XMLSchema-instance" xsi:noNamespaceSchemaLocation="https://maven.apache.org/surefire/maven-surefire-plugin/xsd/surefire-test-report-3.0.xsd" version="3.0" name="nl.koop.xmldemo.XmlDemoIntegrationTest" time="14.528" tests="13" errors="0" skipped="0" failures="0">
  <properties>
[...]
</properties>
  <testcase name="testCompareWithMultipleArticles" classname="nl.koop.xmldemo.XmlDemoIntegrationTest" time="2.486">
    <system-out><![CDATA[00:38:07.926 [main] INFO org.springframework.test.context.support.AnnotationConfigContextLoaderUtils -- Could not detect default configuration classes for test class [nl.koop.xmldemo.XmlDemoIntegrationTest]: XmlDemoIntegrationTest does not declare any static, non-private, non-final, nested classes annotated with @Configuration.
00:38:08.168 [main] INFO org.springframework.boot.test.context.SpringBootTestContextBootstrapper -- Found @SpringBootConfiguration nl.koop.xmldemo.XmlLibraryDemoApplication for test class nl.koop.xmldemo.XmlDemoIntegrationTest

  .   ____          _            __ _ _
 /\\ / ___'_ __ _ _(_)_ __  __ _ \ \ \ \
( ( )\___ | '_ | '_| | '_ \/ _` | \ \ \ \
 \\/  ___)| |_)| | | | | || (_| |  ) ) ) )
  '  |____| .__|_| |_|_| |_\__, | / / / /
 =========|_|==============|___/=/_/_/_/
 :: Spring Boot ::                (v3.2.0)

2025-12-19T00:38:08.879+01:00  INFO 71843 --- [xml-library-demo] [           main] nl.koop.xmldemo.XmlDemoIntegrationTest   : Starting XmlDemoIntegrationTest using Java 17.0.16 with PID 71843 (started by yasarertekin in /Users/yasarertekin/Development/xml-library-demo)
2025-12-19T00:38:08.880+01:00 DEBUG 71843 --- [xml-library-demo] [           main] nl.koop.xmldemo.XmlDemoIntegrationTest   : Running with Spring Boot v3.2.0, Spring v6.1.1
2025-12-19T00:38:08.881+01:00  INFO 71843 --- [xml-library-demo] [           main] nl.koop.xmldemo.XmlDemoIntegrationTest   : No active profile set, falling back to 1 default profile: "default"
2025-12-19T00:38:11.640+01:00  INFO 71843 --- [xml-library-demo] [           main] o.s.b.w.embedded.tomcat.TomcatWebServer  : Tomcat initialized with port 0 (http)
2025-12-19T00:38:11.661+01:00  INFO 71843 --- [xml-library-demo] [           main] o.apache.catalina.core.StandardService   : Starting service [Tomcat]
2025-12-19T00:38:11.662+01:00  INFO 71843 --- [xml-library-demo] [           main] o.apache.catalina.core.StandardEngine    : Starting Servlet engine: [Apache Tomcat/10.1.16]
2025-12-19T00:38:11.749+01:00  INFO 71843 --- [xml-library-demo] [           main] o.a.c.c.C.[Tomcat].[localhost].[/]       : Initializing Spring embedded WebApplicationContext
2025-12-19T00:38:11.751+01:00  INFO 71843 --- [xml-library-demo] [           main] w.s.c.ServletWebServerApplicationContext : Root WebApplicationContext: initialization completed in 2816 ms
2025-12-19T00:38:12.010+01:00  INFO 71843 --- [xml-library-demo] [           main] o.s.b.a.w.s.WelcomePageHandlerMapping    : Adding welcome page template: index
2025-12-19T00:38:12.209+01:00 DEBUG 71843 --- [xml-library-demo] [           main] s.w.s.m.m.a.RequestMappingHandlerMapping : 7 mappings in 'requestMappingHandlerMapping'
2025-12-19T00:38:12.489+01:00 DEBUG 71843 --- [xml-library-demo] [           main] o.s.w.s.handler.SimpleUrlHandlerMapping  : Patterns [/webjars/**, /**] in 'resourceHandlerMapping'
2025-12-19T00:38:12.534+01:00 DEBUG 71843 --- [xml-library-demo] [           main] s.w.s.m.m.a.RequestMappingHandlerAdapter : ControllerAdvice beans: 0 @ModelAttribute, 0 @InitBinder, 1 RequestBodyAdvice, 1 ResponseBodyAdvice
2025-12-19T00:38:12.581+01:00 DEBUG 71843 --- [xml-library-demo] [           main] .m.m.a.ExceptionHandlerExceptionResolver : ControllerAdvice beans: 0 @ExceptionHandler, 1 ResponseBodyAdvice
2025-12-19T00:38:12.796+01:00  INFO 71843 --- [xml-library-demo] [           main] o.s.b.w.embedded.tomcat.TomcatWebServer  : Tomcat started on port 51227 (http) with context path ''
2025-12-19T00:38:12.807+01:00  INFO 71843 --- [xml-library-demo] [           main] nl.koop.xmldemo.XmlDemoIntegrationTest   : Started XmlDemoIntegrationTest in 4.453 seconds (process running for 7.735)
2025-12-19T00:38:14.087+01:00 DEBUG 71843 --- [xml-library-demo] [           main] o.s.web.client.RestTemplate              : HTTP POST http://localhost:51227/compare
2025-12-19T00:38:14.098+01:00 DEBUG 71843 --- [xml-library-demo] [           main] o.s.web.client.RestTemplate              : Accept=[text/plain, application/json, application/*+json, */*]
2025-12-19T00:38:14.099+01:00 DEBUG 71843 --- [xml-library-demo] [           main] o.s.web.client.RestTemplate              : Writing [<?xml version="1.0"?><wet><artikel id="art-1"><kop>Artikel 1</kop></artikel><artikel id="art-2"><kop>Artikel 2</kop></artikel><artikel id="art-3"><kop>Artikel 3</kop></artikel><artikel id="art-4"><kop>Artikel 4</kop></artikel><artikel id="art-5"><kop>Artikel 5</kop></artikel><artikel id="art-6"><kop>Artikel 6</kop></artikel><artikel id="art-7"><kop>Artikel 7</kop></artikel><artikel id="art-8"><kop>Artikel 8</kop></artikel><artikel id="art-9"><kop>Artikel 9</kop></artikel><artikel id="art-10"><kop>Artikel 10</kop></artikel><artikel id="art-11"><kop>Artikel 11</kop></artikel><artikel id="art-12"><kop>Artikel 12</kop></artikel><artikel id="art-13"><kop>Artikel 13</kop></artikel><artikel id="art-14"><kop>Artikel 14</kop></artikel><artikel id="art-15"><kop>Artikel 15</kop></artikel><artikel id="art-16"><kop>Artikel 16</kop></artikel><artikel id="art-17"><kop>Artikel 17</kop></artikel><artikel id="art-18"><kop>Artikel 18</kop></artikel><artikel id="art-19"><kop>Artikel 19</kop></artikel><artikel id="art-20"><kop>Artikel 20</kop></artikel></wet>] as "text/plain"
2025-12-19T00:38:14.181+01:00  INFO 71843 --- [xml-library-demo] [o-auto-1-exec-1] o.a.c.c.C.[Tomcat].[localhost].[/]       : Initializing Spring DispatcherServlet 'dispatcherServlet'
2025-12-19T00:38:14.183+01:00  INFO 71843 --- [xml-library-demo] [o-auto-1-exec-1] o.s.web.servlet.DispatcherServlet        : Initializing Servlet 'dispatcherServlet'
2025-12-19T00:38:14.184+01:00 DEBUG 71843 --- [xml-library-demo] [o-auto-1-exec-1] o.s.web.servlet.DispatcherServlet        : Detected StandardServletMultipartResolver
2025-12-19T00:38:14.184+01:00 DEBUG 71843 --- [xml-library-demo] [o-auto-1-exec-1] o.s.web.servlet.DispatcherServlet        : Detected AcceptHeaderLocaleResolver
2025-12-19T00:38:14.184+01:00 DEBUG 71843 --- [xml-library-demo] [o-auto-1-exec-1] o.s.web.servlet.DispatcherServlet        : Detected FixedThemeResolver
2025-12-19T00:38:14.186+01:00 DEBUG 71843 --- [xml-library-demo] [o-auto-1-exec-1] o.s.web.servlet.DispatcherServlet        : Detected org.springframework.web.servlet.view.DefaultRequestToViewNameTranslator@3b5950f
2025-12-19T00:38:14.187+01:00 DEBUG 71843 --- [xml-library-demo] [o-auto-1-exec-1] o.s.web.servlet.DispatcherServlet        : Detected org.springframework.web.servlet.support.SessionFlashMapManager@12f1b76c
2025-12-19T00:38:14.187+01:00 DEBUG 71843 --- [xml-library-demo] [o-auto-1-exec-1] o.s.web.servlet.DispatcherServlet        : enableLoggingRequestDetails='false': request parameters and headers will be masked to prevent unsafe logging of potentially sensitive data
2025-12-19T00:38:14.187+01:00  INFO 71843 --- [xml-library-demo] [o-auto-1-exec-1] o.s.web.servlet.DispatcherServlet        : Completed initialization in 4 ms
2025-12-19T00:38:14.197+01:00 DEBUG 71843 --- [xml-library-demo] [o-auto-1-exec-1] o.s.web.servlet.DispatcherServlet        : POST "/compare", parameters={}
2025-12-19T00:38:14.230+01:00 DEBUG 71843 --- [xml-library-demo] [o-auto-1-exec-1] s.w.s.m.m.a.RequestMappingHandlerMapping : Mapped to nl.koop.xmldemo.controller.XmlDemoController#compare(String)
2025-12-19T00:38:14.284+01:00 DEBUG 71843 --- [xml-library-demo] [o-auto-1-exec-1] m.m.a.RequestResponseBodyMethodProcessor : Read "text/plain;charset=UTF-8" to ["<?xml version="1.0"?><wet><artikel id="art-1"><kop>Artikel 1</kop></artikel><artikel id="art-2"><kop (truncated)..."]
Received XML content length: 1054 characters

=== Starting XML Parsing Comparison ===
Testing DOM...
  ✓ DOM: 20 artikelen, 50ms, 2317KB
Testing SAX...
  ✓ SAX: 20 artikelen, 30ms, 469KB
Testing StAX...
  ✓ StAX: 20 artikelen, 26ms, 216KB
Testing JAXB...
  ✓ JAXB: 0 artikelen, 256ms, 41829KB

=== Comparison Complete ===
Snelste: StAX (26ms)
Minste geheugen: StAX (216KB)
Aanbeveling: Voor dit bestand: DOM is acceptabel (klein bestand). JAXB voor type-safe API's.
=============================

2025-12-19T00:38:15.225+01:00 DEBUG 71843 --- [xml-library-demo] [o-auto-1-exec-1] m.m.a.RequestResponseBodyMethodProcessor : Using 'application/json', given [text/plain, application/json, application/*+json, */*] and supported [application/json]
2025-12-19T00:38:15.260+01:00 DEBUG 71843 --- [xml-library-demo] [o-auto-1-exec-1] m.m.a.RequestResponseBodyMethodProcessor : Writing [nl.koop.xmldemo.dto.ComparisonResult@3a083447]
2025-12-19T00:38:15.291+01:00 DEBUG 71843 --- [xml-library-demo] [o-auto-1-exec-1] o.s.web.servlet.DispatcherServlet        : Completed 200 OK
2025-12-19T00:38:15.291+01:00 DEBUG 71843 --- [xml-library-demo] [           main] o.s.web.client.RestTemplate              : Response 200 OK
2025-12-19T00:38:15.299+01:00 DEBUG 71843 --- [xml-library-demo] [           main] o.s.web.client.RestTemplate              : Reading to [java.lang.String] as "application/json"
]]></system-out>
  </testcase>
  <testcase name="testCompareEndpointWithValidXml" classname="nl.koop.xmldemo.XmlDemoIntegrationTest" time="0.672">
    <system-out><![CDATA[2025-12-19T00:38:15.355+01:00 DEBUG 71843 --- [xml-library-demo] [           main] o.s.web.client.RestTemplate              : HTTP POST http://localhost:51227/compare
2025-12-19T00:38:15.356+01:00 DEBUG 71843 --- [xml-library-demo] [           main] o.s.web.client.RestTemplate              : Accept=[text/plain, application/json, application/*+json, */*]
2025-12-19T00:38:15.356+01:00 DEBUG 71843 --- [xml-library-demo] [           main] o.s.web.client.RestTemplate              : Writing [<?xml version="1.0" encoding="UTF-8"?>
<wet id="wet-001">
    <artikel id="art-1">
        <kop>Test Artikel</kop>
    </artikel>
</wet>] as "text/plain"
2025-12-19T00:38:15.362+01:00 DEBUG 71843 --- [xml-library-demo] [o-auto-1-exec-2] o.s.web.servlet.DispatcherServlet        : POST "/compare", parameters={}
2025-12-19T00:38:15.362+01:00 DEBUG 71843 --- [xml-library-demo] [o-auto-1-exec-2] s.w.s.m.m.a.RequestMappingHandlerMapping : Mapped to nl.koop.xmldemo.controller.XmlDemoController#compare(String)
2025-12-19T00:38:15.363+01:00 DEBUG 71843 --- [xml-library-demo] [o-auto-1-exec-2] m.m.a.RequestResponseBodyMethodProcessor : Read "text/plain;charset=UTF-8" to ["<?xml version="1.0" encoding="UTF-8"?><EOL><wet id="wet-001"><EOL>    <artikel id="art-1"><EOL>        <kop>Test (truncated)..."]
Received XML content length: 136 characters

=== Starting XML Parsing Comparison ===
Testing DOM...
  ✓ DOM: 1 artikelen, 14ms, 143KB
Testing SAX...
  ✓ SAX: 1 artikelen, 10ms, 119KB
Testing StAX...
  ✓ StAX: 1 artikelen, 11ms, 199KB
Testing JAXB...
  ✓ JAXB: 0 artikelen, 31ms, 239KB

=== Comparison Complete ===
Snelste: SAX (10ms)
Minste geheugen: SAX (119KB)
Aanbeveling: Voor dit bestand: DOM is acceptabel (klein bestand). JAXB voor type-safe API's.
=============================

2025-12-19T00:38:15.990+01:00 DEBUG 71843 --- [xml-library-demo] [o-auto-1-exec-2] m.m.a.RequestResponseBodyMethodProcessor : Using 'application/json', given [application/json] and supported [application/json]
2025-12-19T00:38:15.993+01:00 DEBUG 71843 --- [xml-library-demo] [o-auto-1-exec-2] m.m.a.RequestResponseBodyMethodProcessor : Writing [nl.koop.xmldemo.dto.ComparisonResult@a1475c]
2025-12-19T00:38:15.995+01:00 DEBUG 71843 --- [xml-library-demo] [o-auto-1-exec-2] o.s.web.servlet.DispatcherServlet        : Completed 200 OK
2025-12-19T00:38:15.995+01:00 DEBUG 71843 --- [xml-library-demo] [           main] o.s.web.client.RestTemplate              : Response 200 OK
2025-12-19T00:38:15.996+01:00 DEBUG 71843 --- [xml-library-demo] [           main] o.s.web.client.RestTemplate              : Reading to [java.lang.String] as "application/json"
]]></system-out>
  </testcase>
  <testcase name="testGenerateXmlWithMaxLimit" classname="nl.koop.xmldemo.XmlDemoIntegrationTest" time="0.151">
    <system-out><![CDATA[2025-12-19T00:38:16.037+01:00 DEBUG 71843 --- [xml-library-demo] [           main] o.s.web.client.RestTemplate              : HTTP GET http://localhost:51227/generate/15000
2025-12-19T00:38:16.038+01:00 DEBUG 71843 --- [xml-library-demo] [           main] o.s.web.client.RestTemplate              : Accept=[text/plain, application/json, application/*+json, */*]
2025-12-19T00:38:16.040+01:00 DEBUG 71843 --- [xml-library-demo] [o-auto-1-exec-3] o.s.web.servlet.DispatcherServlet        : GET "/generate/15000", parameters={}
2025-12-19T00:38:16.043+01:00 DEBUG 71843 --- [xml-library-demo] [o-auto-1-exec-3] s.w.s.m.m.a.RequestMappingHandlerMapping : Mapped to nl.koop.xmldemo.controller.XmlDemoController#generateLargeXml(int)
Generating XML with 10000 articles
2025-12-19T00:38:16.069+01:00 DEBUG 71843 --- [xml-library-demo] [o-auto-1-exec-3] m.m.a.RequestResponseBodyMethodProcessor : Using 'text/plain', given [text/plain, application/json, application/*+json, */*] and supported [text/plain, */*, application/json, application/*+json]
2025-12-19T00:38:16.071+01:00 DEBUG 71843 --- [xml-library-demo] [o-auto-1-exec-3] m.m.a.RequestResponseBodyMethodProcessor : Writing ["<?xml version="1.0" encoding="UTF-8"?><EOL><wet id="wet-groot"><EOL>  <metadata><EOL>    <titel>Grote Test Wet</ (truncated)..."]
2025-12-19T00:38:16.077+01:00 DEBUG 71843 --- [xml-library-demo] [           main] o.s.web.client.RestTemplate              : Response 200 OK
2025-12-19T00:38:16.077+01:00 DEBUG 71843 --- [xml-library-demo] [           main] o.s.web.client.RestTemplate              : Reading to [java.lang.String] as "text/plain;charset=UTF-8"
2025-12-19T00:38:16.091+01:00 DEBUG 71843 --- [xml-library-demo] [o-auto-1-exec-3] o.s.web.servlet.DispatcherServlet        : Completed 200 OK
]]></system-out>
  </testcase>
  <testcase name="testIndexPageLoads" classname="nl.koop.xmldemo.XmlDemoIntegrationTest" time="0.502">
    <system-out><![CDATA[2025-12-19T00:38:16.189+01:00 DEBUG 71843 --- [xml-library-demo] [           main] o.s.web.client.RestTemplate              : HTTP GET http://localhost:51227/
2025-12-19T00:38:16.189+01:00 DEBUG 71843 --- [xml-library-demo] [           main] o.s.web.client.RestTemplate              : Accept=[text/plain, application/json, application/*+json, */*]
2025-12-19T00:38:16.191+01:00 DEBUG 71843 --- [xml-library-demo] [o-auto-1-exec-4] o.s.web.servlet.DispatcherServlet        : GET "/", parameters={}
2025-12-19T00:38:16.191+01:00 DEBUG 71843 --- [xml-library-demo] [o-auto-1-exec-4] s.w.s.m.m.a.RequestMappingHandlerMapping : Mapped to nl.koop.xmldemo.controller.XmlDemoController#index(Model)
2025-12-19T00:38:16.247+01:00 DEBUG 71843 --- [xml-library-demo] [o-auto-1-exec-4] o.s.w.s.v.ContentNegotiatingViewResolver : Selected '*/*' given [text/plain, application/json, application/*+json, */*]
2025-12-19T00:38:16.652+01:00 DEBUG 71843 --- [xml-library-demo] [           main] o.s.web.client.RestTemplate              : Response 200 OK
2025-12-19T00:38:16.654+01:00 DEBUG 71843 --- [xml-library-demo] [           main] o.s.web.client.RestTemplate              : Reading to [java.lang.String] as "text/html;charset=UTF-8"
2025-12-19T00:38:16.682+01:00 DEBUG 71843 --- [xml-library-demo] [o-auto-1-exec-4] o.s.web.servlet.DispatcherServlet        : Completed 200 OK
]]></system-out>
  </testcase>
  <testcase name="testGenerateXmlStructure" classname="nl.koop.xmldemo.XmlDemoIntegrationTest" time="0.016">
    <system-out><![CDATA[2025-12-19T00:38:16.707+01:00 DEBUG 71843 --- [xml-library-demo] [           main] o.s.web.client.RestTemplate              : HTTP GET http://localhost:51227/generate/3
2025-12-19T00:38:16.707+01:00 DEBUG 71843 --- [xml-library-demo] [           main] o.s.web.client.RestTemplate              : Accept=[text/plain, application/json, application/*+json, */*]
2025-12-19T00:38:16.709+01:00 DEBUG 71843 --- [xml-library-demo] [o-auto-1-exec-5] o.s.web.servlet.DispatcherServlet        : GET "/generate/3", parameters={}
2025-12-19T00:38:16.710+01:00 DEBUG 71843 --- [xml-library-demo] [o-auto-1-exec-5] s.w.s.m.m.a.RequestMappingHandlerMapping : Mapped to nl.koop.xmldemo.controller.XmlDemoController#generateLargeXml(int)
Generating XML with 3 articles
2025-12-19T00:38:16.711+01:00 DEBUG 71843 --- [xml-library-demo] [o-auto-1-exec-5] m.m.a.RequestResponseBodyMethodProcessor : Using 'text/plain', given [text/plain, application/json, application/*+json, */*] and supported [text/plain, */*, application/json, application/*+json]
2025-12-19T00:38:16.712+01:00 DEBUG 71843 --- [xml-library-demo] [o-auto-1-exec-5] m.m.a.RequestResponseBodyMethodProcessor : Writing ["<?xml version="1.0" encoding="UTF-8"?><EOL><wet id="wet-groot"><EOL>  <metadata><EOL>    <titel>Grote Test Wet</ (truncated)..."]
2025-12-19T00:38:16.713+01:00 DEBUG 71843 --- [xml-library-demo] [           main] o.s.web.client.RestTemplate              : Response 200 OK
2025-12-19T00:38:16.713+01:00 DEBUG 71843 --- [xml-library-demo] [o-auto-1-exec-5] o.s.web.servlet.DispatcherServlet        : Completed 200 OK
2025-12-19T00:38:16.714+01:00 DEBUG 71843 --- [xml-library-demo] [           main] o.s.web.client.RestTemplate              : Reading to [java.lang.String] as "text/plain;charset=UTF-8"
]]></system-out>
  </testcase>
  <testcase name="testComparePerformanceMetrics" classname="nl.koop.xmldemo.XmlDemoIntegrationTest" time="0.679">
    <system-out><![CDATA[2025-12-19T00:38:16.725+01:00 DEBUG 71843 --- [xml-library-demo] [           main] o.s.web.client.RestTemplate              : HTTP POST http://localhost:51227/compare
2025-12-19T00:38:16.725+01:00 DEBUG 71843 --- [xml-library-demo] [           main] o.s.web.client.RestTemplate              : Accept=[text/plain, application/json, application/*+json, */*]
2025-12-19T00:38:16.725+01:00 DEBUG 71843 --- [xml-library-demo] [           main] o.s.web.client.RestTemplate              : Writing [<?xml version="1.0"?><wet><artikel id="art-1"><kop>Test</kop></artikel></wet>] as "text/plain"
2025-12-19T00:38:16.727+01:00 DEBUG 71843 --- [xml-library-demo] [o-auto-1-exec-6] o.s.web.servlet.DispatcherServlet        : POST "/compare", parameters={}
2025-12-19T00:38:16.728+01:00 DEBUG 71843 --- [xml-library-demo] [o-auto-1-exec-6] s.w.s.m.m.a.RequestMappingHandlerMapping : Mapped to nl.koop.xmldemo.controller.XmlDemoController#compare(String)
2025-12-19T00:38:16.729+01:00 DEBUG 71843 --- [xml-library-demo] [o-auto-1-exec-6] m.m.a.RequestResponseBodyMethodProcessor : Read "text/plain;charset=UTF-8" to ["<?xml version="1.0"?><wet><artikel id="art-1"><kop>Test</kop></artikel></wet>"]
Received XML content length: 77 characters

=== Starting XML Parsing Comparison ===
Testing DOM...
  ✓ DOM: 1 artikelen, 15ms, 450KB
Testing SAX...
  ✓ SAX: 1 artikelen, 11ms, 119KB
Testing StAX...
  ✓ StAX: 1 artikelen, 10ms, 129KB
Testing JAXB...
  ✓ JAXB: 0 artikelen, 27ms, 239KB

=== Comparison Complete ===
Snelste: StAX (10ms)
Minste geheugen: SAX (119KB)
Aanbeveling: Voor dit bestand: DOM is acceptabel (klein bestand). JAXB voor type-safe API's.
=============================

2025-12-19T00:38:17.377+01:00 DEBUG 71843 --- [xml-library-demo] [o-auto-1-exec-6] m.m.a.RequestResponseBodyMethodProcessor : Using 'application/json', given [text/plain, application/json, application/*+json, */*] and supported [application/json]
2025-12-19T00:38:17.381+01:00 DEBUG 71843 --- [xml-library-demo] [o-auto-1-exec-6] m.m.a.RequestResponseBodyMethodProcessor : Writing [nl.koop.xmldemo.dto.ComparisonResult@52c4102]
2025-12-19T00:38:17.386+01:00 DEBUG 71843 --- [xml-library-demo] [           main] o.s.web.client.RestTemplate              : Response 200 OK
2025-12-19T00:38:17.387+01:00 DEBUG 71843 --- [xml-library-demo] [           main] o.s.web.client.RestTemplate              : Reading to [java.lang.String] as "application/json"
2025-12-19T00:38:17.388+01:00 DEBUG 71843 --- [xml-library-demo] [o-auto-1-exec-6] o.s.web.servlet.DispatcherServlet        : Completed 200 OK
]]></system-out>
  </testcase>
  <testcase name="testConcurrentRequests" classname="nl.koop.xmldemo.XmlDemoIntegrationTest" time="1.463">
    <system-out><![CDATA[2025-12-19T00:38:17.432+01:00 DEBUG 71843 --- [xml-library-demo] [       Thread-6] o.s.web.client.RestTemplate              : HTTP POST http://localhost:51227/compare
2025-12-19T00:38:17.432+01:00 DEBUG 71843 --- [xml-library-demo] [       Thread-7] o.s.web.client.RestTemplate              : HTTP POST http://localhost:51227/compare
2025-12-19T00:38:17.432+01:00 DEBUG 71843 --- [xml-library-demo] [       Thread-5] o.s.web.client.RestTemplate              : HTTP POST http://localhost:51227/compare
2025-12-19T00:38:17.432+01:00 DEBUG 71843 --- [xml-library-demo] [       Thread-4] o.s.web.client.RestTemplate              : HTTP POST http://localhost:51227/compare
2025-12-19T00:38:17.435+01:00 DEBUG 71843 --- [xml-library-demo] [       Thread-4] o.s.web.client.RestTemplate              : Accept=[text/plain, application/json, application/*+json, */*]
2025-12-19T00:38:17.435+01:00 DEBUG 71843 --- [xml-library-demo] [       Thread-5] o.s.web.client.RestTemplate              : Accept=[text/plain, application/json, application/*+json, */*]
2025-12-19T00:38:17.434+01:00 DEBUG 71843 --- [xml-library-demo] [       Thread-3] o.s.web.client.RestTemplate              : HTTP POST http://localhost:51227/compare
2025-12-19T00:38:17.435+01:00 DEBUG 71843 --- [xml-library-demo] [       Thread-6] o.s.web.client.RestTemplate              : Accept=[text/plain, application/json, application/*+json, */*]
2025-12-19T00:38:17.435+01:00 DEBUG 71843 --- [xml-library-demo] [       Thread-7] o.s.web.client.RestTemplate              : Accept=[text/plain, application/json, application/*+json, */*]
2025-12-19T00:38:17.435+01:00 DEBUG 71843 --- [xml-library-demo] [       Thread-4] o.s.web.client.RestTemplate              : Writing [<?xml version="1.0"?><wet><artikel id="1"><kop>Test</kop></artikel></wet>] as "text/plain"
2025-12-19T00:38:17.435+01:00 DEBUG 71843 --- [xml-library-demo] [       Thread-5] o.s.web.client.RestTemplate              : Writing [<?xml version="1.0"?><wet><artikel id="1"><kop>Test</kop></artikel></wet>] as "text/plain"
2025-12-19T00:38:17.435+01:00 DEBUG 71843 --- [xml-library-demo] [       Thread-3] o.s.web.client.RestTemplate              : Accept=[text/plain, application/json, application/*+json, */*]
2025-12-19T00:38:17.435+01:00 DEBUG 71843 --- [xml-library-demo] [       Thread-6] o.s.web.client.RestTemplate              : Writing [<?xml version="1.0"?><wet><artikel id="1"><kop>Test</kop></artikel></wet>] as "text/plain"
2025-12-19T00:38:17.435+01:00 DEBUG 71843 --- [xml-library-demo] [       Thread-3] o.s.web.client.RestTemplate              : Writing [<?xml version="1.0"?><wet><artikel id="1"><kop>Test</kop></artikel></wet>] as "text/plain"
2025-12-19T00:38:17.435+01:00 DEBUG 71843 --- [xml-library-demo] [       Thread-7] o.s.web.client.RestTemplate              : Writing [<?xml version="1.0"?><wet><artikel id="1"><kop>Test</kop></artikel></wet>] as "text/plain"
2025-12-19T00:38:17.442+01:00 DEBUG 71843 --- [xml-library-demo] [o-auto-1-exec-8] o.s.web.servlet.DispatcherServlet        : POST "/compare", parameters={}
2025-12-19T00:38:17.442+01:00 DEBUG 71843 --- [xml-library-demo] [-auto-1-exec-10] o.s.web.servlet.DispatcherServlet        : POST "/compare", parameters={}
2025-12-19T00:38:17.442+01:00 DEBUG 71843 --- [xml-library-demo] [o-auto-1-exec-9] o.s.web.servlet.DispatcherServlet        : POST "/compare", parameters={}
2025-12-19T00:38:17.443+01:00 DEBUG 71843 --- [xml-library-demo] [o-auto-1-exec-1] o.s.web.servlet.DispatcherServlet        : POST "/compare", parameters={}
2025-12-19T00:38:17.443+01:00 DEBUG 71843 --- [xml-library-demo] [o-auto-1-exec-7] o.s.web.servlet.DispatcherServlet        : POST "/compare", parameters={}
2025-12-19T00:38:17.449+01:00 DEBUG 71843 --- [xml-library-demo] [o-auto-1-exec-8] s.w.s.m.m.a.RequestMappingHandlerMapping : Mapped to nl.koop.xmldemo.controller.XmlDemoController#compare(String)
2025-12-19T00:38:17.452+01:00 DEBUG 71843 --- [xml-library-demo] [o-auto-1-exec-1] s.w.s.m.m.a.RequestMappingHandlerMapping : Mapped to nl.koop.xmldemo.controller.XmlDemoController#compare(String)
2025-12-19T00:38:17.452+01:00 DEBUG 71843 --- [xml-library-demo] [o-auto-1-exec-7] s.w.s.m.m.a.RequestMappingHandlerMapping : Mapped to nl.koop.xmldemo.controller.XmlDemoController#compare(String)
2025-12-19T00:38:17.453+01:00 DEBUG 71843 --- [xml-library-demo] [o-auto-1-exec-9] s.w.s.m.m.a.RequestMappingHandlerMapping : Mapped to nl.koop.xmldemo.controller.XmlDemoController#compare(String)
2025-12-19T00:38:17.453+01:00 DEBUG 71843 --- [xml-library-demo] [-auto-1-exec-10] s.w.s.m.m.a.RequestMappingHandlerMapping : Mapped to nl.koop.xmldemo.controller.XmlDemoController#compare(String)
2025-12-19T00:38:17.456+01:00 DEBUG 71843 --- [xml-library-demo] [o-auto-1-exec-9] m.m.a.RequestResponseBodyMethodProcessor : Read "text/plain;charset=UTF-8" to ["<?xml version="1.0"?><wet><artikel id="1"><kop>Test</kop></artikel></wet>"]
2025-12-19T00:38:17.456+01:00 DEBUG 71843 --- [xml-library-demo] [-auto-1-exec-10] m.m.a.RequestResponseBodyMethodProcessor : Read "text/plain;charset=UTF-8" to ["<?xml version="1.0"?><wet><artikel id="1"><kop>Test</kop></artikel></wet>"]
2025-12-19T00:38:17.456+01:00 DEBUG 71843 --- [xml-library-demo] [o-auto-1-exec-8] m.m.a.RequestResponseBodyMethodProcessor : Read "text/plain;charset=UTF-8" to ["<?xml version="1.0"?><wet><artikel id="1"><kop>Test</kop></artikel></wet>"]
2025-12-19T00:38:17.456+01:00 DEBUG 71843 --- [xml-library-demo] [o-auto-1-exec-7] m.m.a.RequestResponseBodyMethodProcessor : Read "text/plain;charset=UTF-8" to ["<?xml version="1.0"?><wet><artikel id="1"><kop>Test</kop></artikel></wet>"]
Received XML content length: 73 characters
Received XML content length: 73 characters
Received XML content length: 73 characters

=== Starting XML Parsing Comparison ===
2025-12-19T00:38:17.456+01:00 DEBUG 71843 --- [xml-library-demo] [o-auto-1-exec-1] m.m.a.RequestResponseBodyMethodProcessor : Read "text/plain;charset=UTF-8" to ["<?xml version="1.0"?><wet><artikel id="1"><kop>Test</kop></artikel></wet>"]
Testing DOM...

=== Starting XML Parsing Comparison ===
Received XML content length: 73 characters

=== Starting XML Parsing Comparison ===
Received XML content length: 73 characters
Testing DOM...
Testing DOM...

=== Starting XML Parsing Comparison ===
Testing DOM...

=== Starting XML Parsing Comparison ===
Testing DOM...
  ✓ DOM: 1 artikelen, 18ms, 699KB
  ✓ DOM: 1 artikelen, 66ms, 1192KB
  ✓ DOM: 1 artikelen, 151ms, 1193KB
  ✓ DOM: 1 artikelen, 205ms, 1192KB
  ✓ DOM: 1 artikelen, 106ms, 1192KB
Testing SAX...
Testing SAX...
Testing SAX...
Testing SAX...
Testing SAX...
  ✓ SAX: 1 artikelen, 105ms, 862KB
  ✓ SAX: 1 artikelen, 146ms, 1026KB
  ✓ SAX: 1 artikelen, 146ms, 1026KB
  ✓ SAX: 1 artikelen, 66ms, 664KB
  ✓ SAX: 1 artikelen, 25ms, 163KB
Testing StAX...
Testing StAX...
Testing StAX...
Testing StAX...
Testing StAX...
  ✓ StAX: 1 artikelen, 66ms, 688KB
  ✓ StAX: 1 artikelen, 16ms, 883KB
  ✓ StAX: 1 artikelen, 99ms, 1030KB
  ✓ StAX: 1 artikelen, 155ms, 526KB
  ✓ StAX: 1 artikelen, 199ms, 363KB
Testing JAXB...
Testing JAXB...
Testing JAXB...
Testing JAXB...
Testing JAXB...
  ✓ JAXB: 0 artikelen, 141ms, 1805KB
  ✓ JAXB: 0 artikelen, 101ms, 1278KB

=== Comparison Complete ===
Snelste: DOM (18ms)
Minste geheugen: DOM (699KB)
Aanbeveling: Voor dit bestand: DOM is acceptabel (klein bestand). JAXB voor type-safe API's.
=============================


=== Comparison Complete ===
Snelste: DOM (66ms)
Minste geheugen: StAX (363KB)
Aanbeveling: Voor dit bestand: SAX of StAX aanbevolen (groot bestand). JAXB voor type-safe API's.
=============================

  ✓ JAXB: 0 artikelen, 188ms, 1640KB

=== Comparison Complete ===
Snelste: DOM (106ms)
Minste geheugen: StAX (526KB)
Aanbeveling: Voor dit bestand: SAX of StAX aanbevolen (groot bestand). JAXB voor type-safe API's.
=============================

2025-12-19T00:38:18.822+01:00 DEBUG 71843 --- [xml-library-demo] [o-auto-1-exec-9] m.m.a.RequestResponseBodyMethodProcessor : Using 'application/json', given [text/plain, application/json, application/*+json, */*] and supported [application/json]
2025-12-19T00:38:18.822+01:00 DEBUG 71843 --- [xml-library-demo] [o-auto-1-exec-1] m.m.a.RequestResponseBodyMethodProcessor : Using 'application/json', given [text/plain, application/json, application/*+json, */*] and supported [application/json]
2025-12-19T00:38:18.822+01:00 DEBUG 71843 --- [xml-library-demo] [o-auto-1-exec-7] m.m.a.RequestResponseBodyMethodProcessor : Using 'application/json', given [text/plain, application/json, application/*+json, */*] and supported [application/json]
2025-12-19T00:38:18.828+01:00 DEBUG 71843 --- [xml-library-demo] [o-auto-1-exec-1] m.m.a.RequestResponseBodyMethodProcessor : Writing [nl.koop.xmldemo.dto.ComparisonResult@4329c34b]
2025-12-19T00:38:18.828+01:00 DEBUG 71843 --- [xml-library-demo] [o-auto-1-exec-9] m.m.a.RequestResponseBodyMethodProcessor : Writing [nl.koop.xmldemo.dto.ComparisonResult@6acf07a0]
2025-12-19T00:38:18.827+01:00 DEBUG 71843 --- [xml-library-demo] [o-auto-1-exec-7] m.m.a.RequestResponseBodyMethodProcessor : Writing [nl.koop.xmldemo.dto.ComparisonResult@5c1ca451]
2025-12-19T00:38:18.846+01:00 DEBUG 71843 --- [xml-library-demo] [o-auto-1-exec-9] o.s.web.servlet.DispatcherServlet        : Completed 200 OK
2025-12-19T00:38:18.848+01:00 DEBUG 71843 --- [xml-library-demo] [       Thread-4] o.s.web.client.RestTemplate              : Response 200 OK
2025-12-19T00:38:18.846+01:00 DEBUG 71843 --- [xml-library-demo] [o-auto-1-exec-7] o.s.web.servlet.DispatcherServlet        : Completed 200 OK
2025-12-19T00:38:18.848+01:00 DEBUG 71843 --- [xml-library-demo] [       Thread-7] o.s.web.client.RestTemplate              : Response 200 OK
2025-12-19T00:38:18.847+01:00 DEBUG 71843 --- [xml-library-demo] [o-auto-1-exec-1] o.s.web.servlet.DispatcherServlet        : Completed 200 OK
2025-12-19T00:38:18.849+01:00 DEBUG 71843 --- [xml-library-demo] [       Thread-3] o.s.web.client.RestTemplate              : Response 200 OK
2025-12-19T00:38:18.850+01:00 DEBUG 71843 --- [xml-library-demo] [       Thread-7] o.s.web.client.RestTemplate              : Reading to [java.lang.String] as "application/json"
2025-12-19T00:38:18.850+01:00 DEBUG 71843 --- [xml-library-demo] [       Thread-3] o.s.web.client.RestTemplate              : Reading to [java.lang.String] as "application/json"
2025-12-19T00:38:18.850+01:00 DEBUG 71843 --- [xml-library-demo] [       Thread-4] o.s.web.client.RestTemplate              : Reading to [java.lang.String] as "application/json"
  ✓ JAXB: 0 artikelen, 110ms, 2774KB

=== Comparison Complete ===
Snelste: StAX (16ms)
Minste geheugen: StAX (883KB)
Aanbeveling: Voor dit bestand: SAX of StAX aanbevolen (groot bestand). JAXB voor type-safe API's.
=============================

2025-12-19T00:38:18.862+01:00 DEBUG 71843 --- [xml-library-demo] [-auto-1-exec-10] m.m.a.RequestResponseBodyMethodProcessor : Using 'application/json', given [text/plain, application/json, application/*+json, */*] and supported [application/json]
2025-12-19T00:38:18.862+01:00 DEBUG 71843 --- [xml-library-demo] [-auto-1-exec-10] m.m.a.RequestResponseBodyMethodProcessor : Writing [nl.koop.xmldemo.dto.ComparisonResult@569e5ef9]
  ✓ JAXB: 0 artikelen, 276ms, 2937KB

=== Comparison Complete ===
Snelste: SAX (25ms)
Minste geheugen: SAX (163KB)
Aanbeveling: Voor dit bestand: SAX of StAX aanbevolen (groot bestand). JAXB voor type-safe API's.
=============================

2025-12-19T00:38:18.863+01:00 DEBUG 71843 --- [xml-library-demo] [o-auto-1-exec-8] m.m.a.RequestResponseBodyMethodProcessor : Using 'application/json', given [text/plain, application/json, application/*+json, */*] and supported [application/json]
2025-12-19T00:38:18.863+01:00 DEBUG 71843 --- [xml-library-demo] [o-auto-1-exec-8] m.m.a.RequestResponseBodyMethodProcessor : Writing [nl.koop.xmldemo.dto.ComparisonResult@70445876]
2025-12-19T00:38:18.864+01:00 DEBUG 71843 --- [xml-library-demo] [-auto-1-exec-10] o.s.web.servlet.DispatcherServlet        : Completed 200 OK
2025-12-19T00:38:18.864+01:00 DEBUG 71843 --- [xml-library-demo] [o-auto-1-exec-8] o.s.web.servlet.DispatcherServlet        : Completed 200 OK
2025-12-19T00:38:18.865+01:00 DEBUG 71843 --- [xml-library-demo] [       Thread-6] o.s.web.client.RestTemplate              : Response 200 OK
2025-12-19T00:38:18.865+01:00 DEBUG 71843 --- [xml-library-demo] [       Thread-5] o.s.web.client.RestTemplate              : Response 200 OK
2025-12-19T00:38:18.865+01:00 DEBUG 71843 --- [xml-library-demo] [       Thread-6] o.s.web.client.RestTemplate              : Reading to [java.lang.String] as "application/json"
2025-12-19T00:38:18.865+01:00 DEBUG 71843 --- [xml-library-demo] [       Thread-5] o.s.web.client.RestTemplate              : Reading to [java.lang.String] as "application/json"
]]></system-out>
  </testcase>
  <testcase name="testCompareWithInvalidXml" classname="nl.koop.xmldemo.XmlDemoIntegrationTest" time="0.821">
    <system-out><![CDATA[2025-12-19T00:38:18.901+01:00 DEBUG 71843 --- [xml-library-demo] [           main] o.s.web.client.RestTemplate              : HTTP POST http://localhost:51227/compare
2025-12-19T00:38:18.901+01:00 DEBUG 71843 --- [xml-library-demo] [           main] o.s.web.client.RestTemplate              : Accept=[text/plain, application/json, application/*+json, */*]
2025-12-19T00:38:18.901+01:00 DEBUG 71843 --- [xml-library-demo] [           main] o.s.web.client.RestTemplate              : Writing [<?xml version="1.0"?><wet><artikel>] as "text/plain"
2025-12-19T00:38:18.906+01:00 DEBUG 71843 --- [xml-library-demo] [o-auto-1-exec-2] o.s.web.servlet.DispatcherServlet        : POST "/compare", parameters={}
2025-12-19T00:38:18.908+01:00 DEBUG 71843 --- [xml-library-demo] [o-auto-1-exec-2] s.w.s.m.m.a.RequestMappingHandlerMapping : Mapped to nl.koop.xmldemo.controller.XmlDemoController#compare(String)
2025-12-19T00:38:18.909+01:00 DEBUG 71843 --- [xml-library-demo] [o-auto-1-exec-2] m.m.a.RequestResponseBodyMethodProcessor : Read "text/plain;charset=UTF-8" to ["<?xml version="1.0"?><wet><artikel>"]
Received XML content length: 35 characters

=== Starting XML Parsing Comparison ===
Testing DOM...
  ✗ DOM: DOM parsing error: XML document structures must start and end within the same entity.
Testing SAX...
  ✗ SAX: SAX parsing error: XML document structures must start and end within the same entity.
Testing StAX...
  ✗ StAX: StAX parsing error: ParseError at [row,col]:[1,36]
Message: XML document structures must start and end within the same entity.
Testing JAXB...
  ✗ JAXB: JAXB parsing error: null

=== Comparison Complete ===
Snelste: null
Minste geheugen: null
Aanbeveling: Voor dit bestand: DOM is acceptabel (klein bestand). JAXB voor type-safe API's.
=============================

2025-12-19T00:38:19.691+01:00 DEBUG 71843 --- [xml-library-demo] [o-auto-1-exec-2] m.m.a.RequestResponseBodyMethodProcessor : Using 'application/json', given [text/plain, application/json, application/*+json, */*] and supported [application/json]
2025-12-19T00:38:19.694+01:00 DEBUG 71843 --- [xml-library-demo] [o-auto-1-exec-2] m.m.a.RequestResponseBodyMethodProcessor : Writing [nl.koop.xmldemo.dto.ComparisonResult@cfa0956]
2025-12-19T00:38:19.700+01:00 DEBUG 71843 --- [xml-library-demo] [o-auto-1-exec-2] o.s.web.servlet.DispatcherServlet        : Completed 200 OK
2025-12-19T00:38:19.700+01:00 DEBUG 71843 --- [xml-library-demo] [           main] o.s.web.client.RestTemplate              : Response 200 OK
2025-12-19T00:38:19.702+01:00 DEBUG 71843 --- [xml-library-demo] [           main] o.s.web.client.RestTemplate              : Reading to [java.lang.String] as "application/json"
]]></system-out>
    <system-err><![CDATA[[Fatal Error] :1:36: XML document structures must start and end within the same entity.
]]></system-err>
  </testcase>
  <testcase name="testCompareContentTypeHandling" classname="nl.koop.xmldemo.XmlDemoIntegrationTest" time="0.695">
    <system-out><![CDATA[2025-12-19T00:38:19.734+01:00 DEBUG 71843 --- [xml-library-demo] [           main] o.s.web.client.RestTemplate              : HTTP POST http://localhost:51227/compare
2025-12-19T00:38:19.734+01:00 DEBUG 71843 --- [xml-library-demo] [           main] o.s.web.client.RestTemplate              : Accept=[text/plain, application/json, application/*+json, */*]
2025-12-19T00:38:19.735+01:00 DEBUG 71843 --- [xml-library-demo] [           main] o.s.web.client.RestTemplate              : Writing [<?xml version="1.0"?><wet><artikel id="1"><kop>Test</kop></artikel></wet>] as "text/plain;charset=UTF-8"
2025-12-19T00:38:19.738+01:00 DEBUG 71843 --- [xml-library-demo] [o-auto-1-exec-3] o.s.web.servlet.DispatcherServlet        : POST "/compare", parameters={}
2025-12-19T00:38:19.739+01:00 DEBUG 71843 --- [xml-library-demo] [o-auto-1-exec-3] s.w.s.m.m.a.RequestMappingHandlerMapping : Mapped to nl.koop.xmldemo.controller.XmlDemoController#compare(String)
2025-12-19T00:38:19.740+01:00 DEBUG 71843 --- [xml-library-demo] [o-auto-1-exec-3] m.m.a.RequestResponseBodyMethodProcessor : Read "text/plain;charset=UTF-8" to ["<?xml version="1.0"?><wet><artikel id="1"><kop>Test</kop></artikel></wet>"]
Received XML content length: 73 characters

=== Starting XML Parsing Comparison ===
Testing DOM...
  ✓ DOM: 1 artikelen, 17ms, 540KB
Testing SAX...
  ✓ SAX: 1 artikelen, 12ms, 226KB
Testing StAX...
  ✓ StAX: 1 artikelen, 12ms, 234KB
Testing JAXB...
  ✓ JAXB: 0 artikelen, 32ms, 553KB

=== Comparison Complete ===
Snelste: SAX (12ms)
Minste geheugen: SAX (226KB)
Aanbeveling: Voor dit bestand: DOM is acceptabel (klein bestand). JAXB voor type-safe API's.
=============================

2025-12-19T00:38:20.399+01:00 DEBUG 71843 --- [xml-library-demo] [o-auto-1-exec-3] m.m.a.RequestResponseBodyMethodProcessor : Using 'application/json', given [text/plain, application/json, application/*+json, */*] and supported [application/json]
2025-12-19T00:38:20.402+01:00 DEBUG 71843 --- [xml-library-demo] [o-auto-1-exec-3] m.m.a.RequestResponseBodyMethodProcessor : Writing [nl.koop.xmldemo.dto.ComparisonResult@45251fe1]
2025-12-19T00:38:20.411+01:00 DEBUG 71843 --- [xml-library-demo] [o-auto-1-exec-3] o.s.web.servlet.DispatcherServlet        : Completed 200 OK
2025-12-19T00:38:20.413+01:00 DEBUG 71843 --- [xml-library-demo] [           main] o.s.web.client.RestTemplate              : Response 200 OK
2025-12-19T00:38:20.414+01:00 DEBUG 71843 --- [xml-library-demo] [           main] o.s.web.client.RestTemplate              : Reading to [java.lang.String] as "application/json"
]]></system-out>
  </testcase>
  <testcase name="testEndToEndWorkflow" classname="nl.koop.xmldemo.XmlDemoIntegrationTest" time="0.822">
    <system-out><![CDATA[2025-12-19T00:38:20.447+01:00 DEBUG 71843 --- [xml-library-demo] [           main] o.s.web.client.RestTemplate              : HTTP GET http://localhost:51227/
2025-12-19T00:38:20.447+01:00 DEBUG 71843 --- [xml-library-demo] [           main] o.s.web.client.RestTemplate              : Accept=[text/plain, application/json, application/*+json, */*]
2025-12-19T00:38:20.450+01:00 DEBUG 71843 --- [xml-library-demo] [o-auto-1-exec-4] o.s.web.servlet.DispatcherServlet        : GET "/", parameters={}
2025-12-19T00:38:20.450+01:00 DEBUG 71843 --- [xml-library-demo] [o-auto-1-exec-4] s.w.s.m.m.a.RequestMappingHandlerMapping : Mapped to nl.koop.xmldemo.controller.XmlDemoController#index(Model)
2025-12-19T00:38:20.454+01:00 DEBUG 71843 --- [xml-library-demo] [o-auto-1-exec-4] o.s.w.s.v.ContentNegotiatingViewResolver : Selected '*/*' given [text/plain, application/json, application/*+json, */*]
2025-12-19T00:38:20.468+01:00 DEBUG 71843 --- [xml-library-demo] [           main] o.s.web.client.RestTemplate              : Response 200 OK
2025-12-19T00:38:20.470+01:00 DEBUG 71843 --- [xml-library-demo] [           main] o.s.web.client.RestTemplate              : Reading to [java.lang.String] as "text/html;charset=UTF-8"
2025-12-19T00:38:20.478+01:00 DEBUG 71843 --- [xml-library-demo] [o-auto-1-exec-4] o.s.web.servlet.DispatcherServlet        : Completed 200 OK
2025-12-19T00:38:20.480+01:00 DEBUG 71843 --- [xml-library-demo] [           main] o.s.web.client.RestTemplate              : HTTP GET http://localhost:51227/generate/50
2025-12-19T00:38:20.480+01:00 DEBUG 71843 --- [xml-library-demo] [           main] o.s.web.client.RestTemplate              : Accept=[text/plain, application/json, application/*+json, */*]
2025-12-19T00:38:20.481+01:00 DEBUG 71843 --- [xml-library-demo] [o-auto-1-exec-5] o.s.web.servlet.DispatcherServlet        : GET "/generate/50", parameters={}
2025-12-19T00:38:20.482+01:00 DEBUG 71843 --- [xml-library-demo] [o-auto-1-exec-5] s.w.s.m.m.a.RequestMappingHandlerMapping : Mapped to nl.koop.xmldemo.controller.XmlDemoController#generateLargeXml(int)
Generating XML with 50 articles
2025-12-19T00:38:20.484+01:00 DEBUG 71843 --- [xml-library-demo] [o-auto-1-exec-5] m.m.a.RequestResponseBodyMethodProcessor : Using 'text/plain', given [text/plain, application/json, application/*+json, */*] and supported [text/plain, */*, application/json, application/*+json]
2025-12-19T00:38:20.485+01:00 DEBUG 71843 --- [xml-library-demo] [o-auto-1-exec-5] m.m.a.RequestResponseBodyMethodProcessor : Writing ["<?xml version="1.0" encoding="UTF-8"?><EOL><wet id="wet-groot"><EOL>  <metadata><EOL>    <titel>Grote Test Wet</ (truncated)..."]
2025-12-19T00:38:20.486+01:00 DEBUG 71843 --- [xml-library-demo] [           main] o.s.web.client.RestTemplate              : Response 200 OK
2025-12-19T00:38:20.486+01:00 DEBUG 71843 --- [xml-library-demo] [o-auto-1-exec-5] o.s.web.servlet.DispatcherServlet        : Completed 200 OK
2025-12-19T00:38:20.486+01:00 DEBUG 71843 --- [xml-library-demo] [           main] o.s.web.client.RestTemplate              : Reading to [java.lang.String] as "text/plain;charset=UTF-8"
2025-12-19T00:38:20.486+01:00 DEBUG 71843 --- [xml-library-demo] [           main] o.s.web.client.RestTemplate              : HTTP POST http://localhost:51227/compare
2025-12-19T00:38:20.487+01:00 DEBUG 71843 --- [xml-library-demo] [           main] o.s.web.client.RestTemplate              : Accept=[text/plain, application/json, application/*+json, */*]
2025-12-19T00:38:20.487+01:00 DEBUG 71843 --- [xml-library-demo] [           main] o.s.web.client.RestTemplate              : Writing [<?xml version="1.0" encoding="UTF-8"?>
<wet id="wet-groot">
  <metadata>
    <titel>Grote Test Wet</titel>
    <datum>2024-12-15</datum>
  </metadata>
  <hoofdstuk nummer="1">
    <titel>Hoofdstuk 1</titel>
    <artikel id="art-1">
      <kop>Artikel 1</kop>
      <lid nummer="1">Lid 1 van artikel 1</lid>
      <lid nummer="2">Lid 2 van artikel 1</lid>
      <lid nummer="3">Lid 3 van artikel 1</lid>
    </artikel>
  </hoofdstuk>
  <hoofdstuk nummer="1">
    <titel>Hoofdstuk 1</titel>
    <artikel id="art-2">
      <kop>Artikel 2</kop>
      <lid nummer="1">Lid 1 van artikel 2</lid>
      <lid nummer="2">Lid 2 van artikel 2</lid>
      <lid nummer="3">Lid 3 van artikel 2</lid>
    </artikel>
  </hoofdstuk>
  <hoofdstuk nummer="1">
    <titel>Hoofdstuk 1</titel>
    <artikel id="art-3">
      <kop>Artikel 3</kop>
      <lid nummer="1">Lid 1 van artikel 3</lid>
      <lid nummer="2">Lid 2 van artikel 3</lid>
      <lid nummer="3">Lid 3 van artikel 3</lid>
    </artikel>
  </hoofdstuk>
  <hoofdstuk nummer="1">
    <titel>Hoofdstuk 1</titel>
    <artikel id="art-4">
      <kop>Artikel 4</kop>
      <lid nummer="1">Lid 1 van artikel 4</lid>
      <lid nummer="2">Lid 2 van artikel 4</lid>
      <lid nummer="3">Lid 3 van artikel 4</lid>
    </artikel>
  </hoofdstuk>
  <hoofdstuk nummer="1">
    <titel>Hoofdstuk 1</titel>
    <artikel id="art-5">
      <kop>Artikel 5</kop>
      <lid nummer="1">Lid 1 van artikel 5</lid>
      <lid nummer="2">Lid 2 van artikel 5</lid>
      <lid nummer="3">Lid 3 van artikel 5</lid>
    </artikel>
  </hoofdstuk>
  <hoofdstuk nummer="1">
    <titel>Hoofdstuk 1</titel>
    <artikel id="art-6">
      <kop>Artikel 6</kop>
      <lid nummer="1">Lid 1 van artikel 6</lid>
      <lid nummer="2">Lid 2 van artikel 6</lid>
      <lid nummer="3">Lid 3 van artikel 6</lid>
    </artikel>
  </hoofdstuk>
  <hoofdstuk nummer="1">
    <titel>Hoofdstuk 1</titel>
    <artikel id="art-7">
      <kop>Artikel 7</kop>
      <lid nummer="1">Lid 1 van artikel 7</lid>
      <lid nummer="2">Lid 2 van artikel 7</lid>
      <lid nummer="3">Lid 3 van artikel 7</lid>
    </artikel>
  </hoofdstuk>
  <hoofdstuk nummer="1">
    <titel>Hoofdstuk 1</titel>
    <artikel id="art-8">
      <kop>Artikel 8</kop>
      <lid nummer="1">Lid 1 van artikel 8</lid>
      <lid nummer="2">Lid 2 van artikel 8</lid>
      <lid nummer="3">Lid 3 van artikel 8</lid>
    </artikel>
  </hoofdstuk>
  <hoofdstuk nummer="1">
    <titel>Hoofdstuk 1</titel>
    <artikel id="art-9">
      <kop>Artikel 9</kop>
      <lid nummer="1">Lid 1 van artikel 9</lid>
      <lid nummer="2">Lid 2 van artikel 9</lid>
      <lid nummer="3">Lid 3 van artikel 9</lid>
    </artikel>
  </hoofdstuk>
  <hoofdstuk nummer="1">
    <titel>Hoofdstuk 1</titel>
    <artikel id="art-10">
      <kop>Artikel 10</kop>
      <lid nummer="1">Lid 1 van artikel 10</lid>
      <lid nummer="2">Lid 2 van artikel 10</lid>
      <lid nummer="3">Lid 3 van artikel 10</lid>
    </artikel>
  </hoofdstuk>
  <hoofdstuk nummer="2">
    <titel>Hoofdstuk 2</titel>
    <artikel id="art-11">
      <kop>Artikel 11</kop>
      <lid nummer="1">Lid 1 van artikel 11</lid>
      <lid nummer="2">Lid 2 van artikel 11</lid>
      <lid nummer="3">Lid 3 van artikel 11</lid>
    </artikel>
  </hoofdstuk>
  <hoofdstuk nummer="2">
    <titel>Hoofdstuk 2</titel>
    <artikel id="art-12">
      <kop>Artikel 12</kop>
      <lid nummer="1">Lid 1 van artikel 12</lid>
      <lid nummer="2">Lid 2 van artikel 12</lid>
      <lid nummer="3">Lid 3 van artikel 12</lid>
    </artikel>
  </hoofdstuk>
  <hoofdstuk nummer="2">
    <titel>Hoofdstuk 2</titel>
    <artikel id="art-13">
      <kop>Artikel 13</kop>
      <lid nummer="1">Lid 1 van artikel 13</lid>
      <lid nummer="2">Lid 2 van artikel 13</lid>
      <lid nummer="3">Lid 3 van artikel 13</lid>
    </artikel>
  </hoofdstuk>
  <hoofdstuk nummer="2">
    <titel>Hoofdstuk 2</titel>
    <artikel id="art-14">
      <kop>Artikel 14</kop>
      <lid nummer="1">Lid 1 van artikel 14</lid>
      <lid nummer="2">Lid 2 van artikel 14</lid>
      <lid nummer="3">Lid 3 van artikel 14</lid>
    </artikel>
  </hoofdstuk>
  <hoofdstuk nummer="2">
    <titel>Hoofdstuk 2</titel>
    <artikel id="art-15">
      <kop>Artikel 15</kop>
      <lid nummer="1">Lid 1 van artikel 15</lid>
      <lid nummer="2">Lid 2 van artikel 15</lid>
      <lid nummer="3">Lid 3 van artikel 15</lid>
    </artikel>
  </hoofdstuk>
  <hoofdstuk nummer="2">
    <titel>Hoofdstuk 2</titel>
    <artikel id="art-16">
      <kop>Artikel 16</kop>
      <lid nummer="1">Lid 1 van artikel 16</lid>
      <lid nummer="2">Lid 2 van artikel 16</lid>
      <lid nummer="3">Lid 3 van artikel 16</lid>
    </artikel>
  </hoofdstuk>
  <hoofdstuk nummer="2">
    <titel>Hoofdstuk 2</titel>
    <artikel id="art-17">
      <kop>Artikel 17</kop>
      <lid nummer="1">Lid 1 van artikel 17</lid>
      <lid nummer="2">Lid 2 van artikel 17</lid>
      <lid nummer="3">Lid 3 van artikel 17</lid>
    </artikel>
  </hoofdstuk>
  <hoofdstuk nummer="2">
    <titel>Hoofdstuk 2</titel>
    <artikel id="art-18">
      <kop>Artikel 18</kop>
      <lid nummer="1">Lid 1 van artikel 18</lid>
      <lid nummer="2">Lid 2 van artikel 18</lid>
      <lid nummer="3">Lid 3 van artikel 18</lid>
    </artikel>
  </hoofdstuk>
  <hoofdstuk nummer="2">
    <titel>Hoofdstuk 2</titel>
    <artikel id="art-19">
      <kop>Artikel 19</kop>
      <lid nummer="1">Lid 1 van artikel 19</lid>
      <lid nummer="2">Lid 2 van artikel 19</lid>
      <lid nummer="3">Lid 3 van artikel 19</lid>
    </artikel>
  </hoofdstuk>
  <hoofdstuk nummer="2">
    <titel>Hoofdstuk 2</titel>
    <artikel id="art-20">
      <kop>Artikel 20</kop>
      <lid nummer="1">Lid 1 van artikel 20</lid>
      <lid nummer="2">Lid 2 van artikel 20</lid>
      <lid nummer="3">Lid 3 van artikel 20</lid>
    </artikel>
  </hoofdstuk>
  <hoofdstuk nummer="3">
    <titel>Hoofdstuk 3</titel>
    <artikel id="art-21">
      <kop>Artikel 21</kop>
      <lid nummer="1">Lid 1 van artikel 21</lid>
      <lid nummer="2">Lid 2 van artikel 21</lid>
      <lid nummer="3">Lid 3 van artikel 21</lid>
    </artikel>
  </hoofdstuk>
  <hoofdstuk nummer="3">
    <titel>Hoofdstuk 3</titel>
    <artikel id="art-22">
      <kop>Artikel 22</kop>
      <lid nummer="1">Lid 1 van artikel 22</lid>
      <lid nummer="2">Lid 2 van artikel 22</lid>
      <lid nummer="3">Lid 3 van artikel 22</lid>
    </artikel>
  </hoofdstuk>
  <hoofdstuk nummer="3">
    <titel>Hoofdstuk 3</titel>
    <artikel id="art-23">
      <kop>Artikel 23</kop>
      <lid nummer="1">Lid 1 van artikel 23</lid>
      <lid nummer="2">Lid 2 van artikel 23</lid>
      <lid nummer="3">Lid 3 van artikel 23</lid>
    </artikel>
  </hoofdstuk>
  <hoofdstuk nummer="3">
    <titel>Hoofdstuk 3</titel>
    <artikel id="art-24">
      <kop>Artikel 24</kop>
      <lid nummer="1">Lid 1 van artikel 24</lid>
      <lid nummer="2">Lid 2 van artikel 24</lid>
      <lid nummer="3">Lid 3 van artikel 24</lid>
    </artikel>
  </hoofdstuk>
  <hoofdstuk nummer="3">
    <titel>Hoofdstuk 3</titel>
    <artikel id="art-25">
      <kop>Artikel 25</kop>
      <lid nummer="1">Lid 1 van artikel 25</lid>
      <lid nummer="2">Lid 2 van artikel 25</lid>
      <lid nummer="3">Lid 3 van artikel 25</lid>
    </artikel>
  </hoofdstuk>
  <hoofdstuk nummer="3">
    <titel>Hoofdstuk 3</titel>
    <artikel id="art-26">
      <kop>Artikel 26</kop>
      <lid nummer="1">Lid 1 van artikel 26</lid>
      <lid nummer="2">Lid 2 van artikel 26</lid>
      <lid nummer="3">Lid 3 van artikel 26</lid>
    </artikel>
  </hoofdstuk>
  <hoofdstuk nummer="3">
    <titel>Hoofdstuk 3</titel>
    <artikel id="art-27">
      <kop>Artikel 27</kop>
      <lid nummer="1">Lid 1 van artikel 27</lid>
      <lid nummer="2">Lid 2 van artikel 27</lid>
      <lid nummer="3">Lid 3 van artikel 27</lid>
    </artikel>
  </hoofdstuk>
  <hoofdstuk nummer="3">
    <titel>Hoofdstuk 3</titel>
    <artikel id="art-28">
      <kop>Artikel 28</kop>
      <lid nummer="1">Lid 1 van artikel 28</lid>
      <lid nummer="2">Lid 2 van artikel 28</lid>
      <lid nummer="3">Lid 3 van artikel 28</lid>
    </artikel>
  </hoofdstuk>
  <hoofdstuk nummer="3">
    <titel>Hoofdstuk 3</titel>
    <artikel id="art-29">
      <kop>Artikel 29</kop>
      <lid nummer="1">Lid 1 van artikel 29</lid>
      <lid nummer="2">Lid 2 van artikel 29</lid>
      <lid nummer="3">Lid 3 van artikel 29</lid>
    </artikel>
  </hoofdstuk>
  <hoofdstuk nummer="3">
    <titel>Hoofdstuk 3</titel>
    <artikel id="art-30">
      <kop>Artikel 30</kop>
      <lid nummer="1">Lid 1 van artikel 30</lid>
      <lid nummer="2">Lid 2 van artikel 30</lid>
      <lid nummer="3">Lid 3 van artikel 30</lid>
    </artikel>
  </hoofdstuk>
  <hoofdstuk nummer="4">
    <titel>Hoofdstuk 4</titel>
    <artikel id="art-31">
      <kop>Artikel 31</kop>
      <lid nummer="1">Lid 1 van artikel 31</lid>
      <lid nummer="2">Lid 2 van artikel 31</lid>
      <lid nummer="3">Lid 3 van artikel 31</lid>
    </artikel>
  </hoofdstuk>
  <hoofdstuk nummer="4">
    <titel>Hoofdstuk 4</titel>
    <artikel id="art-32">
      <kop>Artikel 32</kop>
      <lid nummer="1">Lid 1 van artikel 32</lid>
      <lid nummer="2">Lid 2 van artikel 32</lid>
      <lid nummer="3">Lid 3 van artikel 32</lid>
    </artikel>
  </hoofdstuk>
  <hoofdstuk nummer="4">
    <titel>Hoofdstuk 4</titel>
    <artikel id="art-33">
      <kop>Artikel 33</kop>
      <lid nummer="1">Lid 1 van artikel 33</lid>
      <lid nummer="2">Lid 2 van artikel 33</lid>
      <lid nummer="3">Lid 3 van artikel 33</lid>
    </artikel>
  </hoofdstuk>
  <hoofdstuk nummer="4">
    <titel>Hoofdstuk 4</titel>
    <artikel id="art-34">
      <kop>Artikel 34</kop>
      <lid nummer="1">Lid 1 van artikel 34</lid>
      <lid nummer="2">Lid 2 van artikel 34</lid>
      <lid nummer="3">Lid 3 van artikel 34</lid>
    </artikel>
  </hoofdstuk>
  <hoofdstuk nummer="4">
    <titel>Hoofdstuk 4</titel>
    <artikel id="art-35">
      <kop>Artikel 35</kop>
      <lid nummer="1">Lid 1 van artikel 35</lid>
      <lid nummer="2">Lid 2 van artikel 35</lid>
      <lid nummer="3">Lid 3 van artikel 35</lid>
    </artikel>
  </hoofdstuk>
  <hoofdstuk nummer="4">
    <titel>Hoofdstuk 4</titel>
    <artikel id="art-36">
      <kop>Artikel 36</kop>
      <lid nummer="1">Lid 1 van artikel 36</lid>
      <lid nummer="2">Lid 2 van artikel 36</lid>
      <lid nummer="3">Lid 3 van artikel 36</lid>
    </artikel>
  </hoofdstuk>
  <hoofdstuk nummer="4">
    <titel>Hoofdstuk 4</titel>
    <artikel id="art-37">
      <kop>Artikel 37</kop>
      <lid nummer="1">Lid 1 van artikel 37</lid>
      <lid nummer="2">Lid 2 van artikel 37</lid>
      <lid nummer="3">Lid 3 van artikel 37</lid>
    </artikel>
  </hoofdstuk>
  <hoofdstuk nummer="4">
    <titel>Hoofdstuk 4</titel>
    <artikel id="art-38">
      <kop>Artikel 38</kop>
      <lid nummer="1">Lid 1 van artikel 38</lid>
      <lid nummer="2">Lid 2 van artikel 38</lid>
      <lid nummer="3">Lid 3 van artikel 38</lid>
    </artikel>
  </hoofdstuk>
  <hoofdstuk nummer="4">
    <titel>Hoofdstuk 4</titel>
    <artikel id="art-39">
      <kop>Artikel 39</kop>
      <lid nummer="1">Lid 1 van artikel 39</lid>
      <lid nummer="2">Lid 2 van artikel 39</lid>
      <lid nummer="3">Lid 3 van artikel 39</lid>
    </artikel>
  </hoofdstuk>
  <hoofdstuk nummer="4">
    <titel>Hoofdstuk 4</titel>
    <artikel id="art-40">
      <kop>Artikel 40</kop>
      <lid nummer="1">Lid 1 van artikel 40</lid>
      <lid nummer="2">Lid 2 van artikel 40</lid>
      <lid nummer="3">Lid 3 van artikel 40</lid>
    </artikel>
  </hoofdstuk>
  <hoofdstuk nummer="5">
    <titel>Hoofdstuk 5</titel>
    <artikel id="art-41">
      <kop>Artikel 41</kop>
      <lid nummer="1">Lid 1 van artikel 41</lid>
      <lid nummer="2">Lid 2 van artikel 41</lid>
      <lid nummer="3">Lid 3 van artikel 41</lid>
    </artikel>
  </hoofdstuk>
  <hoofdstuk nummer="5">
    <titel>Hoofdstuk 5</titel>
    <artikel id="art-42">
      <kop>Artikel 42</kop>
      <lid nummer="1">Lid 1 van artikel 42</lid>
      <lid nummer="2">Lid 2 van artikel 42</lid>
      <lid nummer="3">Lid 3 van artikel 42</lid>
    </artikel>
  </hoofdstuk>
  <hoofdstuk nummer="5">
    <titel>Hoofdstuk 5</titel>
    <artikel id="art-43">
      <kop>Artikel 43</kop>
      <lid nummer="1">Lid 1 van artikel 43</lid>
      <lid nummer="2">Lid 2 van artikel 43</lid>
      <lid nummer="3">Lid 3 van artikel 43</lid>
    </artikel>
  </hoofdstuk>
  <hoofdstuk nummer="5">
    <titel>Hoofdstuk 5</titel>
    <artikel id="art-44">
      <kop>Artikel 44</kop>
      <lid nummer="1">Lid 1 van artikel 44</lid>
      <lid nummer="2">Lid 2 van artikel 44</lid>
      <lid nummer="3">Lid 3 van artikel 44</lid>
    </artikel>
  </hoofdstuk>
  <hoofdstuk nummer="5">
    <titel>Hoofdstuk 5</titel>
    <artikel id="art-45">
      <kop>Artikel 45</kop>
      <lid nummer="1">Lid 1 van artikel 45</lid>
      <lid nummer="2">Lid 2 van artikel 45</lid>
      <lid nummer="3">Lid 3 van artikel 45</lid>
    </artikel>
  </hoofdstuk>
  <hoofdstuk nummer="5">
    <titel>Hoofdstuk 5</titel>
    <artikel id="art-46">
      <kop>Artikel 46</kop>
      <lid nummer="1">Lid 1 van artikel 46</lid>
      <lid nummer="2">Lid 2 van artikel 46</lid>
      <lid nummer="3">Lid 3 van artikel 46</lid>
    </artikel>
  </hoofdstuk>
  <hoofdstuk nummer="5">
    <titel>Hoofdstuk 5</titel>
    <artikel id="art-47">
      <kop>Artikel 47</kop>
      <lid nummer="1">Lid 1 van artikel 47</lid>
      <lid nummer="2">Lid 2 van artikel 47</lid>
      <lid nummer="3">Lid 3 van artikel 47</lid>
    </artikel>
  </hoofdstuk>
  <hoofdstuk nummer="5">
    <titel>Hoofdstuk 5</titel>
    <artikel id="art-48">
      <kop>Artikel 48</kop>
      <lid nummer="1">Lid 1 van artikel 48</lid>
      <lid nummer="2">Lid 2 van artikel 48</lid>
      <lid nummer="3">Lid 3 van artikel 48</lid>
    </artikel>
  </hoofdstuk>
  <hoofdstuk nummer="5">
    <titel>Hoofdstuk 5</titel>
    <artikel id="art-49">
      <kop>Artikel 49</kop>
      <lid nummer="1">Lid 1 van artikel 49</lid>
      <lid nummer="2">Lid 2 van artikel 49</lid>
      <lid nummer="3">Lid 3 van artikel 49</lid>
    </artikel>
  </hoofdstuk>
  <hoofdstuk nummer="5">
    <titel>Hoofdstuk 5</titel>
    <artikel id="art-50">
      <kop>Artikel 50</kop>
      <lid nummer="1">Lid 1 van artikel 50</lid>
      <lid nummer="2">Lid 2 van artikel 50</lid>
      <lid nummer="3">Lid 3 van artikel 50</lid>
    </artikel>
  </hoofdstuk>
</wet>] as "text/plain"
2025-12-19T00:38:20.491+01:00 DEBUG 71843 --- [xml-library-demo] [o-auto-1-exec-6] o.s.web.servlet.DispatcherServlet        : POST "/compare", parameters={}
2025-12-19T00:38:20.492+01:00 DEBUG 71843 --- [xml-library-demo] [o-auto-1-exec-6] s.w.s.m.m.a.RequestMappingHandlerMapping : Mapped to nl.koop.xmldemo.controller.XmlDemoController#compare(String)
2025-12-19T00:38:20.492+01:00 DEBUG 71843 --- [xml-library-demo] [o-auto-1-exec-6] m.m.a.RequestResponseBodyMethodProcessor : Read "text/plain;charset=UTF-8" to ["<?xml version="1.0" encoding="UTF-8"?><EOL><wet id="wet-groot"><EOL>  <metadata><EOL>    <titel>Grote Test Wet</ (truncated)..."]
Received XML content length: 14462 characters

=== Starting XML Parsing Comparison ===
Testing DOM...
  ✓ DOM: 50 artikelen, 31ms, 329KB
Testing SAX...
  ✓ SAX: 50 artikelen, 17ms, 136KB
Testing StAX...
  ✓ StAX: 50 artikelen, 18ms, 127KB
Testing JAXB...
  ✓ JAXB: 50 artikelen, 92ms, 1313KB

=== Comparison Complete ===
Snelste: SAX (17ms)
Minste geheugen: StAX (127KB)
Aanbeveling: Voor dit bestand: DOM is acceptabel (klein bestand). JAXB voor type-safe API's.
=============================

2025-12-19T00:38:21.234+01:00 DEBUG 71843 --- [xml-library-demo] [o-auto-1-exec-6] m.m.a.RequestResponseBodyMethodProcessor : Using 'application/json', given [text/plain, application/json, application/*+json, */*] and supported [application/json]
2025-12-19T00:38:21.238+01:00 DEBUG 71843 --- [xml-library-demo] [o-auto-1-exec-6] m.m.a.RequestResponseBodyMethodProcessor : Writing [nl.koop.xmldemo.dto.ComparisonResult@14aece62]
2025-12-19T00:38:21.245+01:00 DEBUG 71843 --- [xml-library-demo] [o-auto-1-exec-6] o.s.web.servlet.DispatcherServlet        : Completed 200 OK
2025-12-19T00:38:21.247+01:00 DEBUG 71843 --- [xml-library-demo] [           main] o.s.web.client.RestTemplate              : Response 200 OK
2025-12-19T00:38:21.248+01:00 DEBUG 71843 --- [xml-library-demo] [           main] o.s.web.client.RestTemplate              : Reading to [java.lang.String] as "application/json"
]]></system-out>
  </testcase>
  <testcase name="testCompareEndpointWithEmptyXml" classname="nl.koop.xmldemo.XmlDemoIntegrationTest" time="0.73">
    <system-out><![CDATA[2025-12-19T00:38:21.284+01:00 DEBUG 71843 --- [xml-library-demo] [           main] o.s.web.client.RestTemplate              : HTTP POST http://localhost:51227/compare
2025-12-19T00:38:21.285+01:00 DEBUG 71843 --- [xml-library-demo] [           main] o.s.web.client.RestTemplate              : Accept=[text/plain, application/json, application/*+json, */*]
2025-12-19T00:38:21.285+01:00 DEBUG 71843 --- [xml-library-demo] [           main] o.s.web.client.RestTemplate              : Writing [  ] as "text/plain"
2025-12-19T00:38:21.290+01:00 DEBUG 71843 --- [xml-library-demo] [o-auto-1-exec-9] o.s.web.servlet.DispatcherServlet        : POST "/compare", parameters={}
2025-12-19T00:38:21.291+01:00 DEBUG 71843 --- [xml-library-demo] [o-auto-1-exec-9] s.w.s.m.m.a.RequestMappingHandlerMapping : Mapped to nl.koop.xmldemo.controller.XmlDemoController#compare(String)
2025-12-19T00:38:21.292+01:00 DEBUG 71843 --- [xml-library-demo] [o-auto-1-exec-9] m.m.a.RequestResponseBodyMethodProcessor : Read "text/plain;charset=UTF-8" to ["  "]
Received XML content length: 2 characters

=== Starting XML Parsing Comparison ===
Testing DOM...
  ✓ DOM: 3 artikelen, 19ms, 172KB
Testing SAX...
  ✓ SAX: 3 artikelen, 13ms, 163KB
Testing StAX...
  ✓ StAX: 3 artikelen, 15ms, 172KB
Testing JAXB...
  ✓ JAXB: 3 artikelen, 61ms, 336KB

=== Comparison Complete ===
Snelste: SAX (13ms)
Minste geheugen: SAX (163KB)
Aanbeveling: Voor dit bestand: DOM is acceptabel (klein bestand). JAXB voor type-safe API's.
=============================

2025-12-19T00:38:21.985+01:00 DEBUG 71843 --- [xml-library-demo] [o-auto-1-exec-9] m.m.a.RequestResponseBodyMethodProcessor : Using 'application/json', given [text/plain, application/json, application/*+json, */*] and supported [application/json]
2025-12-19T00:38:21.989+01:00 DEBUG 71843 --- [xml-library-demo] [o-auto-1-exec-9] m.m.a.RequestResponseBodyMethodProcessor : Writing [nl.koop.xmldemo.dto.ComparisonResult@68bf78a4]
2025-12-19T00:38:21.996+01:00 DEBUG 71843 --- [xml-library-demo] [o-auto-1-exec-9] o.s.web.servlet.DispatcherServlet        : Completed 200 OK
2025-12-19T00:38:21.996+01:00 DEBUG 71843 --- [xml-library-demo] [           main] o.s.web.client.RestTemplate              : Response 200 OK
2025-12-19T00:38:21.997+01:00 DEBUG 71843 --- [xml-library-demo] [           main] o.s.web.client.RestTemplate              : Reading to [java.lang.String] as "application/json"
]]></system-out>
  </testcase>
  <testcase name="testGenerateXmlWithSmallNumber" classname="nl.koop.xmldemo.XmlDemoIntegrationTest" time="0.015">
    <system-out><![CDATA[2025-12-19T00:38:22.030+01:00 DEBUG 71843 --- [xml-library-demo] [           main] o.s.web.client.RestTemplate              : HTTP GET http://localhost:51227/generate/5
2025-12-19T00:38:22.031+01:00 DEBUG 71843 --- [xml-library-demo] [           main] o.s.web.client.RestTemplate              : Accept=[text/plain, application/json, application/*+json, */*]
2025-12-19T00:38:22.032+01:00 DEBUG 71843 --- [xml-library-demo] [o-auto-1-exec-7] o.s.web.servlet.DispatcherServlet        : GET "/generate/5", parameters={}
2025-12-19T00:38:22.033+01:00 DEBUG 71843 --- [xml-library-demo] [o-auto-1-exec-7] s.w.s.m.m.a.RequestMappingHandlerMapping : Mapped to nl.koop.xmldemo.controller.XmlDemoController#generateLargeXml(int)
Generating XML with 5 articles
2025-12-19T00:38:22.034+01:00 DEBUG 71843 --- [xml-library-demo] [o-auto-1-exec-7] m.m.a.RequestResponseBodyMethodProcessor : Using 'text/plain', given [text/plain, application/json, application/*+json, */*] and supported [text/plain, */*, application/json, application/*+json]
2025-12-19T00:38:22.035+01:00 DEBUG 71843 --- [xml-library-demo] [o-auto-1-exec-7] m.m.a.RequestResponseBodyMethodProcessor : Writing ["<?xml version="1.0" encoding="UTF-8"?><EOL><wet id="wet-groot"><EOL>  <metadata><EOL>    <titel>Grote Test Wet</ (truncated)..."]
2025-12-19T00:38:22.036+01:00 DEBUG 71843 --- [xml-library-demo] [           main] o.s.web.client.RestTemplate              : Response 200 OK
2025-12-19T00:38:22.036+01:00 DEBUG 71843 --- [xml-library-demo] [o-auto-1-exec-7] o.s.web.servlet.DispatcherServlet        : Completed 200 OK
2025-12-19T00:38:22.036+01:00 DEBUG 71843 --- [xml-library-demo] [           main] o.s.web.client.RestTemplate              : Reading to [java.lang.String] as "text/plain;charset=UTF-8"
]]></system-out>
  </testcase>
  <testcase name="testGenerateXmlEndpoint" classname="nl.koop.xmldemo.XmlDemoIntegrationTest" time="0.009">
    <system-out><![CDATA[2025-12-19T00:38:22.045+01:00 DEBUG 71843 --- [xml-library-demo] [           main] o.s.web.client.RestTemplate              : HTTP GET http://localhost:51227/generate/10
2025-12-19T00:38:22.046+01:00 DEBUG 71843 --- [xml-library-demo] [           main] o.s.web.client.RestTemplate              : Accept=[text/plain, application/json, application/*+json, */*]
2025-12-19T00:38:22.048+01:00 DEBUG 71843 --- [xml-library-demo] [o-auto-1-exec-1] o.s.web.servlet.DispatcherServlet        : GET "/generate/10", parameters={}
2025-12-19T00:38:22.048+01:00 DEBUG 71843 --- [xml-library-demo] [o-auto-1-exec-1] s.w.s.m.m.a.RequestMappingHandlerMapping : Mapped to nl.koop.xmldemo.controller.XmlDemoController#generateLargeXml(int)
Generating XML with 10 articles
2025-12-19T00:38:22.048+01:00 DEBUG 71843 --- [xml-library-demo] [o-auto-1-exec-1] m.m.a.RequestResponseBodyMethodProcessor : Using 'text/plain', given [text/plain, application/json, application/*+json, */*] and supported [text/plain, */*, application/json, application/*+json]
2025-12-19T00:38:22.049+01:00 DEBUG 71843 --- [xml-library-demo] [o-auto-1-exec-1] m.m.a.RequestResponseBodyMethodProcessor : Writing ["<?xml version="1.0" encoding="UTF-8"?><EOL><wet id="wet-groot"><EOL>  <metadata><EOL>    <titel>Grote Test Wet</ (truncated)..."]
2025-12-19T00:38:22.049+01:00 DEBUG 71843 --- [xml-library-demo] [o-auto-1-exec-1] o.s.web.servlet.DispatcherServlet        : Completed 200 OK
2025-12-19T00:38:22.049+01:00 DEBUG 71843 --- [xml-library-demo] [           main] o.s.web.client.RestTemplate              : Response 200 OK
2025-12-19T00:38:22.049+01:00 DEBUG 71843 --- [xml-library-demo] [           main] o.s.web.client.RestTemplate              : Reading to [java.lang.String] as "text/plain;charset=UTF-8"
]]></system-out>
  </testcase>
</testsuite>