<?xml version="1.0" encoding="UTF-8"?>
<testsuite xmlns:xsi="http://www.w3.org/2001/XMLSchema-instance" xsi:noNamespaceSchemaLocation="https://maven.apache.org/surefire/maven-surefire-plugin/xsd/surefire-test-report-3.0.xsd" version="3.0" name="nl.koop.xmldemo.controller.XmlDemoControllerTest" time="1.569" tests="10" errors="0" skipped="0" failures="0">
  <properties>
[...]
</properties>
  <testcase name="testCompareWithWhitespaceXml" classname="nl.koop.xmldemo.controller.XmlDemoControllerTest" time="0.953">
    <system-out><![CDATA[2025-12-19T00:38:22.762+01:00 DEBUG 71843 --- [xml-library-demo] [           main] s.w.s.m.m.a.RequestMappingHandlerMapping : 5 mappings in org.springframework.web.servlet.mvc.method.annotation.RequestMappingHandlerMapping
2025-12-19T00:38:22.770+01:00 DEBUG 71843 --- [xml-library-demo] [           main] s.w.s.m.m.a.RequestMappingHandlerAdapter : ControllerAdvice beans: 0 @ModelAttribute, 0 @InitBinder, 1 RequestBodyAdvice, 1 ResponseBodyAdvice
2025-12-19T00:38:22.773+01:00 DEBUG 71843 --- [xml-library-demo] [           main] .m.m.a.ExceptionHandlerExceptionResolver : ControllerAdvice beans: 0 @ExceptionHandler, 1 ResponseBodyAdvice
2025-12-19T00:38:22.783+01:00  INFO 71843 --- [xml-library-demo] [           main] o.s.mock.web.MockServletContext          : Initializing Spring TestDispatcherServlet ''
2025-12-19T00:38:22.783+01:00  INFO 71843 --- [xml-library-demo] [           main] o.s.t.web.servlet.TestDispatcherServlet  : Initializing Servlet ''
2025-12-19T00:38:22.785+01:00  INFO 71843 --- [xml-library-demo] [           main] o.s.t.web.servlet.TestDispatcherServlet  : Completed initialization in 1 ms
2025-12-19T00:38:22.965+01:00 DEBUG 71843 --- [xml-library-demo] [           main] s.w.s.m.m.a.RequestMappingHandlerMapping : Mapped to nl.koop.xmldemo.controller.XmlDemoController#compare(String)
2025-12-19T00:38:22.978+01:00 DEBUG 71843 --- [xml-library-demo] [           main] m.m.a.RequestResponseBodyMethodProcessor : Read "text/plain" to ["   "]
Received XML content length: 3 characters
2025-12-19T00:38:22.993+01:00 DEBUG 71843 --- [xml-library-demo] [           main] m.m.a.RequestResponseBodyMethodProcessor : Using 'application/json', given [*/*] and supported [application/json]
2025-12-19T00:38:23.001+01:00 DEBUG 71843 --- [xml-library-demo] [           main] m.m.a.RequestResponseBodyMethodProcessor : Writing [nl.koop.xmldemo.dto.ComparisonResult@26fd2a82]
]]></system-out>
  </testcase>
  <testcase name="testGenerateLargeXmlWithMaxLimit" classname="nl.koop.xmldemo.controller.XmlDemoControllerTest" time="0.085">
    <system-out><![CDATA[2025-12-19T00:38:23.115+01:00 DEBUG 71843 --- [xml-library-demo] [           main] s.w.s.m.m.a.RequestMappingHandlerMapping : 5 mappings in org.springframework.web.servlet.mvc.method.annotation.RequestMappingHandlerMapping
2025-12-19T00:38:23.120+01:00 DEBUG 71843 --- [xml-library-demo] [           main] s.w.s.m.m.a.RequestMappingHandlerAdapter : ControllerAdvice beans: 0 @ModelAttribute, 0 @InitBinder, 1 RequestBodyAdvice, 1 ResponseBodyAdvice
2025-12-19T00:38:23.122+01:00 DEBUG 71843 --- [xml-library-demo] [           main] .m.m.a.ExceptionHandlerExceptionResolver : ControllerAdvice beans: 0 @ExceptionHandler, 1 ResponseBodyAdvice
2025-12-19T00:38:23.124+01:00  INFO 71843 --- [xml-library-demo] [           main] o.s.mock.web.MockServletContext          : Initializing Spring TestDispatcherServlet ''
2025-12-19T00:38:23.125+01:00  INFO 71843 --- [xml-library-demo] [           main] o.s.t.web.servlet.TestDispatcherServlet  : Initializing Servlet ''
2025-12-19T00:38:23.126+01:00  INFO 71843 --- [xml-library-demo] [           main] o.s.t.web.servlet.TestDispatcherServlet  : Completed initialization in 1 ms
2025-12-19T00:38:23.131+01:00 DEBUG 71843 --- [xml-library-demo] [           main] s.w.s.m.m.a.RequestMappingHandlerMapping : Mapped to nl.koop.xmldemo.controller.XmlDemoController#generateLargeXml(int)
Generating XML with 10000 articles
2025-12-19T00:38:23.144+01:00 DEBUG 71843 --- [xml-library-demo] [           main] m.m.a.RequestResponseBodyMethodProcessor : Using 'text/plain', given [*/*] and supported [text/plain, */*, application/json, application/*+json]
2025-12-19T00:38:23.144+01:00 DEBUG 71843 --- [xml-library-demo] [           main] m.m.a.RequestResponseBodyMethodProcessor : Writing ["<?xml version="1.0"?><wet><artikel id="1"/></wet>"]
]]></system-out>
  </testcase>
  <testcase name="testGenerateLargeXml" classname="nl.koop.xmldemo.controller.XmlDemoControllerTest" time="0.047">
    <system-out><![CDATA[2025-12-19T00:38:23.174+01:00 DEBUG 71843 --- [xml-library-demo] [           main] s.w.s.m.m.a.RequestMappingHandlerMapping : 5 mappings in org.springframework.web.servlet.mvc.method.annotation.RequestMappingHandlerMapping
2025-12-19T00:38:23.177+01:00 DEBUG 71843 --- [xml-library-demo] [           main] s.w.s.m.m.a.RequestMappingHandlerAdapter : ControllerAdvice beans: 0 @ModelAttribute, 0 @InitBinder, 1 RequestBodyAdvice, 1 ResponseBodyAdvice
2025-12-19T00:38:23.178+01:00 DEBUG 71843 --- [xml-library-demo] [           main] .m.m.a.ExceptionHandlerExceptionResolver : ControllerAdvice beans: 0 @ExceptionHandler, 1 ResponseBodyAdvice
2025-12-19T00:38:23.179+01:00  INFO 71843 --- [xml-library-demo] [           main] o.s.mock.web.MockServletContext          : Initializing Spring TestDispatcherServlet ''
2025-12-19T00:38:23.179+01:00  INFO 71843 --- [xml-library-demo] [           main] o.s.t.web.servlet.TestDispatcherServlet  : Initializing Servlet ''
2025-12-19T00:38:23.180+01:00  INFO 71843 --- [xml-library-demo] [           main] o.s.t.web.servlet.TestDispatcherServlet  : Completed initialization in 0 ms
2025-12-19T00:38:23.182+01:00 DEBUG 71843 --- [xml-library-demo] [           main] s.w.s.m.m.a.RequestMappingHandlerMapping : Mapped to nl.koop.xmldemo.controller.XmlDemoController#generateLargeXml(int)
Generating XML with 100 articles
2025-12-19T00:38:23.187+01:00 DEBUG 71843 --- [xml-library-demo] [           main] m.m.a.RequestResponseBodyMethodProcessor : Using 'text/plain', given [*/*] and supported [text/plain, */*, application/json, application/*+json]
2025-12-19T00:38:23.188+01:00 DEBUG 71843 --- [xml-library-demo] [           main] m.m.a.RequestResponseBodyMethodProcessor : Writing ["<?xml version="1.0"?><wet><artikel id="1"/></wet>"]
]]></system-out>
  </testcase>
  <testcase name="testGenerateLargeXmlWithSmallNumber" classname="nl.koop.xmldemo.controller.XmlDemoControllerTest" time="0.041">
    <system-out><![CDATA[2025-12-19T00:38:23.227+01:00 DEBUG 71843 --- [xml-library-demo] [           main] s.w.s.m.m.a.RequestMappingHandlerMapping : 5 mappings in org.springframework.web.servlet.mvc.method.annotation.RequestMappingHandlerMapping
2025-12-19T00:38:23.233+01:00 DEBUG 71843 --- [xml-library-demo] [           main] s.w.s.m.m.a.RequestMappingHandlerAdapter : ControllerAdvice beans: 0 @ModelAttribute, 0 @InitBinder, 1 RequestBodyAdvice, 1 ResponseBodyAdvice
2025-12-19T00:38:23.234+01:00 DEBUG 71843 --- [xml-library-demo] [           main] .m.m.a.ExceptionHandlerExceptionResolver : ControllerAdvice beans: 0 @ExceptionHandler, 1 ResponseBodyAdvice
2025-12-19T00:38:23.234+01:00  INFO 71843 --- [xml-library-demo] [           main] o.s.mock.web.MockServletContext          : Initializing Spring TestDispatcherServlet ''
2025-12-19T00:38:23.235+01:00  INFO 71843 --- [xml-library-demo] [           main] o.s.t.web.servlet.TestDispatcherServlet  : Initializing Servlet ''
2025-12-19T00:38:23.235+01:00  INFO 71843 --- [xml-library-demo] [           main] o.s.t.web.servlet.TestDispatcherServlet  : Completed initialization in 0 ms
2025-12-19T00:38:23.238+01:00 DEBUG 71843 --- [xml-library-demo] [           main] s.w.s.m.m.a.RequestMappingHandlerMapping : Mapped to nl.koop.xmldemo.controller.XmlDemoController#generateLargeXml(int)
Generating XML with 10 articles
2025-12-19T00:38:23.244+01:00 DEBUG 71843 --- [xml-library-demo] [           main] m.m.a.RequestResponseBodyMethodProcessor : Using 'text/plain', given [*/*] and supported [text/plain, */*, application/json, application/*+json]
2025-12-19T00:38:23.245+01:00 DEBUG 71843 --- [xml-library-demo] [           main] m.m.a.RequestResponseBodyMethodProcessor : Writing ["<?xml version="1.0"?><wet><artikel id="1"/></wet>"]
]]></system-out>
  </testcase>
  <testcase name="testIndexPage" classname="nl.koop.xmldemo.controller.XmlDemoControllerTest" time="0.061">
    <system-out><![CDATA[2025-12-19T00:38:23.265+01:00 DEBUG 71843 --- [xml-library-demo] [           main] s.w.s.m.m.a.RequestMappingHandlerMapping : 5 mappings in org.springframework.web.servlet.mvc.method.annotation.RequestMappingHandlerMapping
2025-12-19T00:38:23.268+01:00 DEBUG 71843 --- [xml-library-demo] [           main] s.w.s.m.m.a.RequestMappingHandlerAdapter : ControllerAdvice beans: 0 @ModelAttribute, 0 @InitBinder, 1 RequestBodyAdvice, 1 ResponseBodyAdvice
2025-12-19T00:38:23.269+01:00 DEBUG 71843 --- [xml-library-demo] [           main] .m.m.a.ExceptionHandlerExceptionResolver : ControllerAdvice beans: 0 @ExceptionHandler, 1 ResponseBodyAdvice
2025-12-19T00:38:23.270+01:00  INFO 71843 --- [xml-library-demo] [           main] o.s.mock.web.MockServletContext          : Initializing Spring TestDispatcherServlet ''
2025-12-19T00:38:23.271+01:00  INFO 71843 --- [xml-library-demo] [           main] o.s.t.web.servlet.TestDispatcherServlet  : Initializing Servlet ''
2025-12-19T00:38:23.271+01:00  INFO 71843 --- [xml-library-demo] [           main] o.s.t.web.servlet.TestDispatcherServlet  : Completed initialization in 0 ms
2025-12-19T00:38:23.273+01:00 DEBUG 71843 --- [xml-library-demo] [           main] s.w.s.m.m.a.RequestMappingHandlerMapping : Mapped to nl.koop.xmldemo.controller.XmlDemoController#index(Model)
2025-12-19T00:38:23.275+01:00 DEBUG 71843 --- [xml-library-demo] [           main] o.s.w.servlet.view.InternalResourceView  : View [InternalResourceView], model {voorbeeldXml=<?xml version="1.0" encoding="UTF-8"?>
<wet id="wet-001">
    <metadata>
        <titel>Voorbeeldwet Educatie</titel>
        <datum>2024-01-15</datum>
    </metadata>
    <hoofdstuk nummer="1">
        <titel>Algemene Bepalingen</titel>
        <artikel id="art-1">
            <kop>Artikel 1 - Definities</kop>
            <lid nummer="1">In deze wet wordt verstaan onder student: een persoon ingeschreven aan een onderwijsinstelling.</lid>
            <lid nummer="2">Onder docent wordt verstaan: een gekwalificeerd persoon belast met onderwijs.</lid>
        </artikel>
        <artikel id="art-2">
            <kop>Artikel 2 - Toepassingsgebied</kop>
            <lid nummer="1">Deze wet is van toepassing op alle onderwijsinstellingen.</lid>
        </artikel>
    </hoofdstuk>
    <hoofdstuk nummer="2">
        <titel>Rechten en Plichten</titel>
        <artikel id="art-3">
            <kop>Artikel 3 - Rechten</kop>
            <lid nummer="1">Studenten hebben recht op kwaliteitsvol onderwijs.</lid>
        </artikel>
    </hoofdstuk>
</wet>}
2025-12-19T00:38:23.277+01:00 DEBUG 71843 --- [xml-library-demo] [           main] o.s.w.servlet.view.InternalResourceView  : Forwarding to [index]
]]></system-out>
  </testcase>
  <testcase name="testCompareWithEmptyXml" classname="nl.koop.xmldemo.controller.XmlDemoControllerTest" time="0.043">
    <system-out><![CDATA[2025-12-19T00:38:23.329+01:00 DEBUG 71843 --- [xml-library-demo] [           main] s.w.s.m.m.a.RequestMappingHandlerMapping : 5 mappings in org.springframework.web.servlet.mvc.method.annotation.RequestMappingHandlerMapping
2025-12-19T00:38:23.335+01:00 DEBUG 71843 --- [xml-library-demo] [           main] s.w.s.m.m.a.RequestMappingHandlerAdapter : ControllerAdvice beans: 0 @ModelAttribute, 0 @InitBinder, 1 RequestBodyAdvice, 1 ResponseBodyAdvice
2025-12-19T00:38:23.335+01:00 DEBUG 71843 --- [xml-library-demo] [           main] .m.m.a.ExceptionHandlerExceptionResolver : ControllerAdvice beans: 0 @ExceptionHandler, 1 ResponseBodyAdvice
2025-12-19T00:38:23.335+01:00  INFO 71843 --- [xml-library-demo] [           main] o.s.mock.web.MockServletContext          : Initializing Spring TestDispatcherServlet ''
2025-12-19T00:38:23.335+01:00  INFO 71843 --- [xml-library-demo] [           main] o.s.t.web.servlet.TestDispatcherServlet  : Initializing Servlet ''
2025-12-19T00:38:23.335+01:00  INFO 71843 --- [xml-library-demo] [           main] o.s.t.web.servlet.TestDispatcherServlet  : Completed initialization in 0 ms
2025-12-19T00:38:23.339+01:00 DEBUG 71843 --- [xml-library-demo] [           main] s.w.s.m.m.a.RequestMappingHandlerMapping : Mapped to nl.koop.xmldemo.controller.XmlDemoController#compare(String)
2025-12-19T00:38:23.341+01:00 DEBUG 71843 --- [xml-library-demo] [           main] m.m.a.RequestResponseBodyMethodProcessor : Read "text/plain" to ["  <EOL>  "]
Received XML content length: 5 characters
2025-12-19T00:38:23.343+01:00 DEBUG 71843 --- [xml-library-demo] [           main] m.m.a.RequestResponseBodyMethodProcessor : Using 'application/json', given [*/*] and supported [application/json]
2025-12-19T00:38:23.345+01:00 DEBUG 71843 --- [xml-library-demo] [           main] m.m.a.RequestResponseBodyMethodProcessor : Writing [nl.koop.xmldemo.dto.ComparisonResult@617275e0]
]]></system-out>
  </testcase>
  <testcase name="testCompareWithSpecialCharacters" classname="nl.koop.xmldemo.controller.XmlDemoControllerTest" time="0.044">
    <system-out><![CDATA[2025-12-19T00:38:23.376+01:00 DEBUG 71843 --- [xml-library-demo] [           main] s.w.s.m.m.a.RequestMappingHandlerMapping : 5 mappings in org.springframework.web.servlet.mvc.method.annotation.RequestMappingHandlerMapping
2025-12-19T00:38:23.381+01:00 DEBUG 71843 --- [xml-library-demo] [           main] s.w.s.m.m.a.RequestMappingHandlerAdapter : ControllerAdvice beans: 0 @ModelAttribute, 0 @InitBinder, 1 RequestBodyAdvice, 1 ResponseBodyAdvice
2025-12-19T00:38:23.381+01:00 DEBUG 71843 --- [xml-library-demo] [           main] .m.m.a.ExceptionHandlerExceptionResolver : ControllerAdvice beans: 0 @ExceptionHandler, 1 ResponseBodyAdvice
2025-12-19T00:38:23.381+01:00  INFO 71843 --- [xml-library-demo] [           main] o.s.mock.web.MockServletContext          : Initializing Spring TestDispatcherServlet ''
2025-12-19T00:38:23.381+01:00  INFO 71843 --- [xml-library-demo] [           main] o.s.t.web.servlet.TestDispatcherServlet  : Initializing Servlet ''
2025-12-19T00:38:23.383+01:00  INFO 71843 --- [xml-library-demo] [           main] o.s.t.web.servlet.TestDispatcherServlet  : Completed initialization in 2 ms
2025-12-19T00:38:23.386+01:00 DEBUG 71843 --- [xml-library-demo] [           main] s.w.s.m.m.a.RequestMappingHandlerMapping : Mapped to nl.koop.xmldemo.controller.XmlDemoController#compare(String)
2025-12-19T00:38:23.388+01:00 DEBUG 71843 --- [xml-library-demo] [           main] m.m.a.RequestResponseBodyMethodProcessor : Read "text/plain;charset=UTF-8" to ["<?xml version="1.0" encoding="UTF-8"?><EOL><wet><artikel><kop>Test &amp; Special ?</kop></artikel></wet>"]
Received XML content length: 100 characters
2025-12-19T00:38:23.391+01:00 DEBUG 71843 --- [xml-library-demo] [           main] m.m.a.RequestResponseBodyMethodProcessor : Using 'application/json', given [*/*] and supported [application/json]
2025-12-19T00:38:23.393+01:00 DEBUG 71843 --- [xml-library-demo] [           main] m.m.a.RequestResponseBodyMethodProcessor : Writing [nl.koop.xmldemo.dto.ComparisonResult@62de6b17]
]]></system-out>
  </testcase>
  <testcase name="testCompareWithLargeXml" classname="nl.koop.xmldemo.controller.XmlDemoControllerTest" time="0.045">
    <system-out><![CDATA[2025-12-19T00:38:23.419+01:00 DEBUG 71843 --- [xml-library-demo] [           main] s.w.s.m.m.a.RequestMappingHandlerMapping : 5 mappings in org.springframework.web.servlet.mvc.method.annotation.RequestMappingHandlerMapping
2025-12-19T00:38:23.426+01:00 DEBUG 71843 --- [xml-library-demo] [           main] s.w.s.m.m.a.RequestMappingHandlerAdapter : ControllerAdvice beans: 0 @ModelAttribute, 0 @InitBinder, 1 RequestBodyAdvice, 1 ResponseBodyAdvice
2025-12-19T00:38:23.426+01:00 DEBUG 71843 --- [xml-library-demo] [           main] .m.m.a.ExceptionHandlerExceptionResolver : ControllerAdvice beans: 0 @ExceptionHandler, 1 ResponseBodyAdvice
2025-12-19T00:38:23.426+01:00  INFO 71843 --- [xml-library-demo] [           main] o.s.mock.web.MockServletContext          : Initializing Spring TestDispatcherServlet ''
2025-12-19T00:38:23.426+01:00  INFO 71843 --- [xml-library-demo] [           main] o.s.t.web.servlet.TestDispatcherServlet  : Initializing Servlet ''
2025-12-19T00:38:23.427+01:00  INFO 71843 --- [xml-library-demo] [           main] o.s.t.web.servlet.TestDispatcherServlet  : Completed initialization in 1 ms
2025-12-19T00:38:23.429+01:00 DEBUG 71843 --- [xml-library-demo] [           main] s.w.s.m.m.a.RequestMappingHandlerMapping : Mapped to nl.koop.xmldemo.controller.XmlDemoController#compare(String)
2025-12-19T00:38:23.430+01:00 DEBUG 71843 --- [xml-library-demo] [           main] m.m.a.RequestResponseBodyMethodProcessor : Read "text/plain" to ["<?xml version="1.0"?><wet><artikel id="art-0"><kop>Artikel 0</kop></artikel><artikel id="art-1"><kop (truncated)..."]
Received XML content length: 5212 characters
2025-12-19T00:38:23.435+01:00 DEBUG 71843 --- [xml-library-demo] [           main] m.m.a.RequestResponseBodyMethodProcessor : Using 'application/json', given [*/*] and supported [application/json]
2025-12-19T00:38:23.441+01:00 DEBUG 71843 --- [xml-library-demo] [           main] m.m.a.RequestResponseBodyMethodProcessor : Writing [nl.koop.xmldemo.dto.ComparisonResult@7bb5c602]
]]></system-out>
  </testcase>
  <testcase name="testCompareWithValidXml" classname="nl.koop.xmldemo.controller.XmlDemoControllerTest" time="0.144">
    <system-out><![CDATA[2025-12-19T00:38:23.468+01:00 DEBUG 71843 --- [xml-library-demo] [           main] s.w.s.m.m.a.RequestMappingHandlerMapping : 5 mappings in org.springframework.web.servlet.mvc.method.annotation.RequestMappingHandlerMapping
2025-12-19T00:38:23.471+01:00 DEBUG 71843 --- [xml-library-demo] [           main] s.w.s.m.m.a.RequestMappingHandlerAdapter : ControllerAdvice beans: 0 @ModelAttribute, 0 @InitBinder, 1 RequestBodyAdvice, 1 ResponseBodyAdvice
2025-12-19T00:38:23.471+01:00 DEBUG 71843 --- [xml-library-demo] [           main] .m.m.a.ExceptionHandlerExceptionResolver : ControllerAdvice beans: 0 @ExceptionHandler, 1 ResponseBodyAdvice
2025-12-19T00:38:23.471+01:00  INFO 71843 --- [xml-library-demo] [           main] o.s.mock.web.MockServletContext          : Initializing Spring TestDispatcherServlet ''
2025-12-19T00:38:23.471+01:00  INFO 71843 --- [xml-library-demo] [           main] o.s.t.web.servlet.TestDispatcherServlet  : Initializing Servlet ''
2025-12-19T00:38:23.471+01:00  INFO 71843 --- [xml-library-demo] [           main] o.s.t.web.servlet.TestDispatcherServlet  : Completed initialization in 0 ms
2025-12-19T00:38:23.474+01:00 DEBUG 71843 --- [xml-library-demo] [           main] s.w.s.m.m.a.RequestMappingHandlerMapping : Mapped to nl.koop.xmldemo.controller.XmlDemoController#compare(String)
2025-12-19T00:38:23.476+01:00 DEBUG 71843 --- [xml-library-demo] [           main] m.m.a.RequestResponseBodyMethodProcessor : Read "text/plain" to ["<?xml version="1.0" encoding="UTF-8"?><EOL><wet id="wet-001"><EOL>    <artikel id="art-1"><EOL>        <kop>Test (truncated)..."]
Received XML content length: 136 characters
2025-12-19T00:38:23.476+01:00 DEBUG 71843 --- [xml-library-demo] [           main] m.m.a.RequestResponseBodyMethodProcessor : Using 'application/json', given [*/*] and supported [application/json]
2025-12-19T00:38:23.478+01:00 DEBUG 71843 --- [xml-library-demo] [           main] m.m.a.RequestResponseBodyMethodProcessor : Writing [nl.koop.xmldemo.dto.ComparisonResult@53a15397]
]]></system-out>
  </testcase>
  <testcase name="testCompareReturnsCorrectJsonStructure" classname="nl.koop.xmldemo.controller.XmlDemoControllerTest" time="0.049">
    <system-out><![CDATA[2025-12-19T00:38:23.626+01:00 DEBUG 71843 --- [xml-library-demo] [           main] s.w.s.m.m.a.RequestMappingHandlerMapping : 5 mappings in org.springframework.web.servlet.mvc.method.annotation.RequestMappingHandlerMapping
2025-12-19T00:38:23.629+01:00 DEBUG 71843 --- [xml-library-demo] [           main] s.w.s.m.m.a.RequestMappingHandlerAdapter : ControllerAdvice beans: 0 @ModelAttribute, 0 @InitBinder, 1 RequestBodyAdvice, 1 ResponseBodyAdvice
2025-12-19T00:38:23.629+01:00 DEBUG 71843 --- [xml-library-demo] [           main] .m.m.a.ExceptionHandlerExceptionResolver : ControllerAdvice beans: 0 @ExceptionHandler, 1 ResponseBodyAdvice
2025-12-19T00:38:23.629+01:00  INFO 71843 --- [xml-library-demo] [           main] o.s.mock.web.MockServletContext          : Initializing Spring TestDispatcherServlet ''
2025-12-19T00:38:23.629+01:00  INFO 71843 --- [xml-library-demo] [           main] o.s.t.web.servlet.TestDispatcherServlet  : Initializing Servlet ''
2025-12-19T00:38:23.630+01:00  INFO 71843 --- [xml-library-demo] [           main] o.s.t.web.servlet.TestDispatcherServlet  : Completed initialization in 1 ms
2025-12-19T00:38:23.634+01:00 DEBUG 71843 --- [xml-library-demo] [           main] s.w.s.m.m.a.RequestMappingHandlerMapping : Mapped to nl.koop.xmldemo.controller.XmlDemoController#compare(String)
2025-12-19T00:38:23.636+01:00 DEBUG 71843 --- [xml-library-demo] [           main] m.m.a.RequestResponseBodyMethodProcessor : Read "text/plain" to ["<?xml version="1.0" encoding="UTF-8"?><EOL><wet id="wet-001"><EOL>    <artikel id="art-1"><EOL>        <kop>Test (truncated)..."]
Received XML content length: 136 characters
2025-12-19T00:38:23.638+01:00 DEBUG 71843 --- [xml-library-demo] [           main] m.m.a.RequestResponseBodyMethodProcessor : Using 'application/json', given [*/*] and supported [application/json]
2025-12-19T00:38:23.642+01:00 DEBUG 71843 --- [xml-library-demo] [           main] m.m.a.RequestResponseBodyMethodProcessor : Writing [nl.koop.xmldemo.dto.ComparisonResult@7393a461]
]]></system-out>
  </testcase>
</testsuite>